{"/Users/rodrigodutra/Desktop/learning-journal/nest-js-course/src/main.ts": {"path":"/Users/rodrigodutra/Desktop/learning-journal/nest-js-course/src/main.ts","statementMap":{"0":{"start":{"line":1,"column":0},"end":{"line":1,"column":43}},"1":{"start":{"line":2,"column":0},"end":{"line":2,"column":45}},"2":{"start":{"line":3,"column":0},"end":{"line":3,"column":48}},"3":{"start":{"line":9,"column":14},"end":{"line":9,"column":49}},"4":{"start":{"line":10,"column":2},"end":{"line":12,"column":null}},"5":{"start":{"line":13,"column":2},"end":{"line":13,"column":45}},"6":{"start":{"line":15,"column":0},"end":{"line":15,"column":12}}},"fnMap":{"0":{"name":"bootstrap","decl":{"start":{"line":8,"column":15},"end":{"line":8,"column":24}},"loc":{"start":{"line":8,"column":24},"end":{"line":14,"column":1}}}},"branchMap":{"0":{"loc":{"start":{"line":13,"column":19},"end":{"line":13,"column":43}},"type":"binary-expr","locations":[{"start":{"line":13,"column":19},"end":{"line":13,"column":35}},{"start":{"line":13,"column":39},"end":{"line":13,"column":43}}]}},"s":{"0":0,"1":0,"2":0,"3":0,"4":0,"5":0,"6":0},"f":{"0":0},"b":{"0":[0,0]}}
,"/Users/rodrigodutra/Desktop/learning-journal/nest-js-course/src/app/app.controller.ts": {"path":"/Users/rodrigodutra/Desktop/learning-journal/nest-js-course/src/app/app.controller.ts","statementMap":{"0":{"start":{"line":1,"column":0},"end":{"line":1,"column":49}},"1":{"start":{"line":2,"column":0},"end":{"line":2,"column":43}},"2":{"start":{"line":5,"column":7},"end":{"line":16,"column":null}},"3":{"start":{"line":6,"column":31},"end":{"line":6,"column":43}},"4":{"start":{"line":10,"column":4},"end":{"line":10,"column":38}},"5":{"start":{"line":14,"column":4},"end":{"line":14,"column":null}},"6":{"start":{"line":5,"column":13},"end":{"line":5,"column":26}},"7":{"start":{"line":9,"column":2},"end":{"line":11,"column":null}},"8":{"start":{"line":13,"column":2},"end":{"line":15,"column":null}},"9":{"start":{"line":5,"column":13},"end":{"line":16,"column":null}}},"fnMap":{"0":{"name":"(anonymous_2)","decl":{"start":{"line":6,"column":2},"end":{"line":6,"column":31}},"loc":{"start":{"line":6,"column":53},"end":{"line":6,"column":57}}},"1":{"name":"(anonymous_3)","decl":{"start":{"line":9,"column":2},"end":{"line":9,"column":10}},"loc":{"start":{"line":9,"column":10},"end":{"line":11,"column":3}}},"2":{"name":"(anonymous_4)","decl":{"start":{"line":13,"column":2},"end":{"line":13,"column":9}},"loc":{"start":{"line":13,"column":9},"end":{"line":15,"column":3}}}},"branchMap":{"0":{"loc":{"start":{"line":6,"column":43},"end":{"line":6,"column":56}},"type":"cond-expr","locations":[{"start":{"line":6,"column":53},"end":{"line":6,"column":56}},{"start":{"line":6,"column":53},"end":{"line":6,"column":56}}]},"1":{"loc":{"start":{"line":6,"column":43},"end":{"line":6,"column":53}},"type":"binary-expr","locations":[{"start":{"line":6,"column":43},"end":{"line":6,"column":56}},{"start":{"line":6,"column":43},"end":{"line":6,"column":53}}]}},"s":{"0":0,"1":0,"2":0,"3":0,"4":0,"5":0,"6":0,"7":0,"8":0,"9":0},"f":{"0":0,"1":0,"2":0},"b":{"0":[0,0],"1":[0,0]}}
,"/Users/rodrigodutra/Desktop/learning-journal/nest-js-course/src/app/app.module.ts": {"path":"/Users/rodrigodutra/Desktop/learning-journal/nest-js-course/src/app/app.module.ts","statementMap":{"0":{"start":{"line":1,"column":0},"end":{"line":1,"column":87}},"1":{"start":{"line":2,"column":0},"end":{"line":2,"column":49}},"2":{"start":{"line":3,"column":0},"end":{"line":3,"column":43}},"3":{"start":{"line":4,"column":0},"end":{"line":4,"column":53}},"4":{"start":{"line":5,"column":0},"end":{"line":5,"column":53}},"5":{"start":{"line":6,"column":0},"end":{"line":6,"column":76}},"6":{"start":{"line":9,"column":0},"end":{"line":9,"column":46}},"7":{"start":{"line":10,"column":0},"end":{"line":10,"column":50}},"8":{"start":{"line":11,"column":0},"end":{"line":11,"column":57}},"9":{"start":{"line":12,"column":0},"end":{"line":12,"column":28}},"10":{"start":{"line":31,"column":7},"end":{"line":39,"column":null}},"11":{"start":{"line":33,"column":4},"end":{"line":37,"column":null}},"12":{"start":{"line":31,"column":13},"end":{"line":31,"column":22}},"13":{"start":{"line":31,"column":13},"end":{"line":39,"column":null}}},"fnMap":{"0":{"name":"(anonymous_1)","decl":{"start":{"line":32,"column":2},"end":{"line":32,"column":11}},"loc":{"start":{"line":32,"column":40},"end":{"line":38,"column":3}}}},"branchMap":{},"s":{"0":0,"1":0,"2":0,"3":0,"4":0,"5":0,"6":0,"7":0,"8":0,"9":0,"10":0,"11":0,"12":0,"13":0},"f":{"0":0},"b":{}}
,"/Users/rodrigodutra/Desktop/learning-journal/nest-js-course/src/app/app.service.ts": {"path":"/Users/rodrigodutra/Desktop/learning-journal/nest-js-course/src/app/app.service.ts","statementMap":{"0":{"start":{"line":1,"column":0},"end":{"line":1,"column":44}},"1":{"start":{"line":4,"column":7},"end":{"line":8,"column":null}},"2":{"start":{"line":6,"column":4},"end":{"line":6,"column":42}},"3":{"start":{"line":4,"column":13},"end":{"line":4,"column":23}},"4":{"start":{"line":4,"column":13},"end":{"line":8,"column":null}}},"fnMap":{"0":{"name":"(anonymous_1)","decl":{"start":{"line":5,"column":2},"end":{"line":5,"column":10}},"loc":{"start":{"line":5,"column":10},"end":{"line":7,"column":3}}}},"branchMap":{},"s":{"0":0,"1":0,"2":0,"3":0,"4":0},"f":{"0":0},"b":{}}
,"/Users/rodrigodutra/Desktop/learning-journal/nest-js-course/src/auth/auth.controller.ts": {"path":"/Users/rodrigodutra/Desktop/learning-journal/nest-js-course/src/auth/auth.controller.ts","statementMap":{"0":{"start":{"line":1,"column":0},"end":{"line":1,"column":56}},"1":{"start":{"line":2,"column":0},"end":{"line":2,"column":45}},"2":{"start":{"line":4,"column":0},"end":{"line":4,"column":45}},"3":{"start":{"line":7,"column":7},"end":{"line":19,"column":null}},"4":{"start":{"line":10,"column":25},"end":{"line":10,"column":38}},"5":{"start":{"line":16,"column":8},"end":{"line":16,"column":55}},"6":{"start":{"line":7,"column":13},"end":{"line":7,"column":27}},"7":{"start":{"line":14,"column":4},"end":{"line":18,"column":null}},"8":{"start":{"line":7,"column":13},"end":{"line":19,"column":null}}},"fnMap":{"0":{"name":"(anonymous_4)","decl":{"start":{"line":9,"column":4},"end":{"line":9,"column":null}},"loc":{"start":{"line":10,"column":49},"end":{"line":11,"column":8}}},"1":{"name":"(anonymous_5)","decl":{"start":{"line":14,"column":4},"end":{"line":14,"column":10}},"loc":{"start":{"line":14,"column":38},"end":{"line":18,"column":5}}}},"branchMap":{"0":{"loc":{"start":{"line":14,"column":29},"end":{"line":14,"column":null}},"type":"cond-expr","locations":[{"start":{"line":14,"column":38},"end":{"line":14,"column":null}},{"start":{"line":14,"column":38},"end":{"line":14,"column":null}}]},"1":{"loc":{"start":{"line":14,"column":29},"end":{"line":14,"column":38}},"type":"binary-expr","locations":[{"start":{"line":14,"column":29},"end":{"line":14,"column":null}},{"start":{"line":14,"column":29},"end":{"line":14,"column":38}}]},"2":{"loc":{"start":{"line":10,"column":38},"end":{"line":10,"column":null}},"type":"cond-expr","locations":[{"start":{"line":10,"column":49},"end":{"line":10,"column":null}},{"start":{"line":10,"column":49},"end":{"line":10,"column":null}}]},"3":{"loc":{"start":{"line":10,"column":38},"end":{"line":10,"column":49}},"type":"binary-expr","locations":[{"start":{"line":10,"column":38},"end":{"line":10,"column":null}},{"start":{"line":10,"column":38},"end":{"line":10,"column":49}}]}},"s":{"0":0,"1":0,"2":0,"3":0,"4":0,"5":0,"6":0,"7":0,"8":0},"f":{"0":0,"1":0},"b":{"0":[0,0],"1":[0,0],"2":[0,0],"3":[0,0]}}
,"/Users/rodrigodutra/Desktop/learning-journal/nest-js-course/src/auth/auth.module.ts": {"path":"/Users/rodrigodutra/Desktop/learning-journal/nest-js-course/src/auth/auth.module.ts","statementMap":{"0":{"start":{"line":1,"column":0},"end":{"line":1,"column":48}},"1":{"start":{"line":2,"column":0},"end":{"line":2,"column":64}},"2":{"start":{"line":3,"column":0},"end":{"line":3,"column":54}},"3":{"start":{"line":4,"column":0},"end":{"line":4,"column":51}},"4":{"start":{"line":5,"column":0},"end":{"line":5,"column":45}},"5":{"start":{"line":6,"column":0},"end":{"line":6,"column":56}},"6":{"start":{"line":7,"column":0},"end":{"line":7,"column":44}},"7":{"start":{"line":8,"column":0},"end":{"line":8,"column":65}},"8":{"start":{"line":9,"column":0},"end":{"line":9,"column":40}},"9":{"start":{"line":34,"column":7},"end":{"line":34,"column":null}},"10":{"start":{"line":34,"column":13},"end":{"line":34,"column":23}},"11":{"start":{"line":34,"column":13},"end":{"line":34,"column":null}}},"fnMap":{},"branchMap":{},"s":{"0":0,"1":0,"2":0,"3":0,"4":0,"5":0,"6":0,"7":0,"8":0,"9":0,"10":0,"11":0},"f":{},"b":{}}
,"/Users/rodrigodutra/Desktop/learning-journal/nest-js-course/src/auth/auth.service.ts": {"path":"/Users/rodrigodutra/Desktop/learning-journal/nest-js-course/src/auth/auth.service.ts","statementMap":{"0":{"start":{"line":1,"column":0},"end":{"line":1,"column":79}},"1":{"start":{"line":3,"column":0},"end":{"line":3,"column":58}},"2":{"start":{"line":4,"column":0},"end":{"line":4,"column":64}},"3":{"start":{"line":5,"column":0},"end":{"line":5,"column":44}},"4":{"start":{"line":7,"column":0},"end":{"line":7,"column":41}},"5":{"start":{"line":10,"column":7},"end":{"line":69,"column":null}},"6":{"start":{"line":13,"column":16},"end":{"line":13,"column":24}},"7":{"start":{"line":14,"column":25},"end":{"line":14,"column":41}},"8":{"start":{"line":17,"column":25},"end":{"line":17,"column":71}},"9":{"start":{"line":18,"column":25},"end":{"line":18,"column":37}},"10":{"start":{"line":24,"column":21},"end":{"line":29,"column":10}},"11":{"start":{"line":31,"column":8},"end":{"line":34,"column":9}},"12":{"start":{"line":32,"column":12},"end":{"line":32,"column":null}},"13":{"start":{"line":37,"column":32},"end":{"line":37,"column":103}},"14":{"start":{"line":39,"column":8},"end":{"line":42,"column":9}},"15":{"start":{"line":40,"column":12},"end":{"line":40,"column":null}},"16":{"start":{"line":44,"column":22},"end":{"line":56,"column":null}},"17":{"start":{"line":59,"column":8},"end":{"line":64,"column":null}},"18":{"start":{"line":10,"column":13},"end":{"line":10,"column":24}},"19":{"start":{"line":10,"column":13},"end":{"line":69,"column":null}}},"fnMap":{"0":{"name":"(anonymous_5)","decl":{"start":{"line":12,"column":4},"end":{"line":12,"column":null}},"loc":{"start":{"line":18,"column":47},"end":{"line":19,"column":9}}},"1":{"name":"(anonymous_6)","decl":{"start":{"line":23,"column":4},"end":{"line":23,"column":9}},"loc":{"start":{"line":23,"column":42},"end":{"line":66,"column":5}}}},"branchMap":{"0":{"loc":{"start":{"line":31,"column":8},"end":{"line":34,"column":9}},"type":"if","locations":[{"start":{"line":31,"column":8},"end":{"line":34,"column":9}},{"start":{},"end":{}}]},"1":{"loc":{"start":{"line":39,"column":8},"end":{"line":42,"column":9}},"type":"if","locations":[{"start":{"line":39,"column":8},"end":{"line":42,"column":9}},{"start":{},"end":{}}]},"2":{"loc":{"start":{"line":13,"column":24},"end":{"line":13,"column":null}},"type":"cond-expr","locations":[{"start":{"line":13,"column":37},"end":{"line":13,"column":null}},{"start":{"line":13,"column":37},"end":{"line":13,"column":null}}]},"3":{"loc":{"start":{"line":13,"column":24},"end":{"line":13,"column":37}},"type":"binary-expr","locations":[{"start":{"line":13,"column":24},"end":{"line":13,"column":null}},{"start":{"line":13,"column":24},"end":{"line":13,"column":37}}]},"4":{"loc":{"start":{"line":13,"column":37},"end":{"line":14,"column":null}},"type":"cond-expr","locations":[{"start":{"line":14,"column":63},"end":{"line":14,"column":null}},{"start":{"line":14,"column":63},"end":{"line":14,"column":null}}]},"5":{"loc":{"start":{"line":13,"column":37},"end":{"line":14,"column":63}},"type":"binary-expr","locations":[{"start":{"line":13,"column":37},"end":{"line":14,"column":null}},{"start":{"line":14,"column":41},"end":{"line":14,"column":63}}]},"6":{"loc":{"start":{"line":14,"column":63},"end":{"line":18,"column":null}},"type":"cond-expr","locations":[{"start":{"line":18,"column":47},"end":{"line":18,"column":null}},{"start":{"line":18,"column":47},"end":{"line":18,"column":null}}]},"7":{"loc":{"start":{"line":14,"column":63},"end":{"line":18,"column":47}},"type":"binary-expr","locations":[{"start":{"line":14,"column":63},"end":{"line":18,"column":null}},{"start":{"line":18,"column":37},"end":{"line":18,"column":47}}]}},"s":{"0":0,"1":0,"2":0,"3":0,"4":0,"5":0,"6":0,"7":0,"8":0,"9":0,"10":0,"11":0,"12":0,"13":0,"14":0,"15":0,"16":0,"17":0,"18":0,"19":0},"f":{"0":0,"1":0},"b":{"0":[0,0],"1":[0,0],"2":[0,0],"3":[0,0],"4":[0,0],"5":[0,0],"6":[0,0],"7":[0,0]}}
,"/Users/rodrigodutra/Desktop/learning-journal/nest-js-course/src/auth/common/auth.constants.ts": {"path":"/Users/rodrigodutra/Desktop/learning-journal/nest-js-course/src/auth/common/auth.constants.ts","statementMap":{"0":{"start":{"line":1,"column":13},"end":{"line":1,"column":null}}},"fnMap":{},"branchMap":{},"s":{"0":0},"f":{},"b":{}}
,"/Users/rodrigodutra/Desktop/learning-journal/nest-js-course/src/auth/config/jwt.config.ts": {"path":"/Users/rodrigodutra/Desktop/learning-journal/nest-js-course/src/auth/config/jwt.config.ts","statementMap":{"0":{"start":{"line":1,"column":0},"end":{"line":1,"column":44}},"1":{"start":{"line":3,"column":0},"end":{"line":10,"column":null}},"2":{"start":{"line":4,"column":2},"end":{"line":9,"column":null}}},"fnMap":{"0":{"name":"(anonymous_0)","decl":{"start":{"line":3,"column":33},"end":{"line":3,"column":36}},"loc":{"start":{"line":3,"column":38},"end":{"line":10,"column":1}}}},"branchMap":{"0":{"loc":{"start":{"line":8,"column":21},"end":{"line":8,"column":50}},"type":"binary-expr","locations":[{"start":{"line":8,"column":21},"end":{"line":8,"column":40}},{"start":{"line":8,"column":44},"end":{"line":8,"column":50}}]}},"s":{"0":0,"1":0,"2":0},"f":{"0":0},"b":{"0":[0,0]}}
,"/Users/rodrigodutra/Desktop/learning-journal/nest-js-course/src/auth/dto/payload-token.dto.ts": {"path":"/Users/rodrigodutra/Desktop/learning-journal/nest-js-course/src/auth/dto/payload-token.dto.ts","statementMap":{"0":{"start":{"line":1,"column":0},"end":{"line":1,"column":13}}},"fnMap":{},"branchMap":{},"s":{"0":0},"f":{},"b":{}}
,"/Users/rodrigodutra/Desktop/learning-journal/nest-js-course/src/auth/dto/signin.dto.ts": {"path":"/Users/rodrigodutra/Desktop/learning-journal/nest-js-course/src/auth/dto/signin.dto.ts","statementMap":{"0":{"start":{"line":1,"column":0},"end":{"line":1,"column":64}},"1":{"start":{"line":3,"column":0},"end":{"line":3,"column":13}},"2":{"start":{"line":5,"column":4},"end":{"line":5,"column":null}},"3":{"start":{"line":9,"column":4},"end":{"line":9,"column":null}}},"fnMap":{},"branchMap":{},"s":{"0":0,"1":0,"2":0,"3":0},"f":{},"b":{}}
,"/Users/rodrigodutra/Desktop/learning-journal/nest-js-course/src/auth/guard/auth.token.guard.ts": {"path":"/Users/rodrigodutra/Desktop/learning-journal/nest-js-course/src/auth/guard/auth.token.guard.ts","statementMap":{"0":{"start":{"line":1,"column":0},"end":{"line":1,"column":106}},"1":{"start":{"line":2,"column":0},"end":{"line":2,"column":41}},"2":{"start":{"line":4,"column":0},"end":{"line":4,"column":45}},"3":{"start":{"line":5,"column":0},"end":{"line":5,"column":70}},"4":{"start":{"line":6,"column":0},"end":{"line":6,"column":58}},"5":{"start":{"line":11,"column":7},"end":{"line":72,"column":null}},"6":{"start":{"line":14,"column":25},"end":{"line":14,"column":37}},"7":{"start":{"line":15,"column":25},"end":{"line":15,"column":33}},"8":{"start":{"line":18,"column":25},"end":{"line":18,"column":71}},"9":{"start":{"line":25,"column":33},"end":{"line":25,"column":77}},"10":{"start":{"line":26,"column":22},"end":{"line":26,"column":54}},"11":{"start":{"line":27,"column":8},"end":{"line":29,"column":9}},"12":{"start":{"line":28,"column":12},"end":{"line":28,"column":null}},"13":{"start":{"line":31,"column":8},"end":{"line":55,"column":9}},"14":{"start":{"line":32,"column":28},"end":{"line":32,"column":91}},"15":{"start":{"line":34,"column":12},"end":{"line":34,"column":null}},"16":{"start":{"line":35,"column":25},"end":{"line":39,"column":14}},"17":{"start":{"line":41,"column":12},"end":{"line":43,"column":13}},"18":{"start":{"line":42,"column":16},"end":{"line":42,"column":73}},"19":{"start":{"line":45,"column":12},"end":{"line":48,"column":13}},"20":{"start":{"line":46,"column":16},"end":{"line":46,"column":null}},"21":{"start":{"line":50,"column":12},"end":{"line":50,"column":24}},"22":{"start":{"line":54,"column":12},"end":{"line":54,"column":null}},"23":{"start":{"line":63,"column":30},"end":{"line":63,"column":60}},"24":{"start":{"line":65,"column":8},"end":{"line":67,"column":9}},"25":{"start":{"line":66,"column":12},"end":{"line":66,"column":18}},"26":{"start":{"line":69,"column":8},"end":{"line":69,"column":43}},"27":{"start":{"line":11,"column":13},"end":{"line":11,"column":27}},"28":{"start":{"line":11,"column":13},"end":{"line":72,"column":null}}},"fnMap":{"0":{"name":"(anonymous_5)","decl":{"start":{"line":13,"column":4},"end":{"line":13,"column":null}},"loc":{"start":{"line":18,"column":71},"end":{"line":20,"column":8}}},"1":{"name":"(anonymous_6)","decl":{"start":{"line":22,"column":4},"end":{"line":22,"column":9}},"loc":{"start":{"line":22,"column":47},"end":{"line":60,"column":5}}},"2":{"name":"(anonymous_7)","decl":{"start":{"line":62,"column":4},"end":{"line":62,"column":22}},"loc":{"start":{"line":62,"column":39},"end":{"line":70,"column":5}}}},"branchMap":{"0":{"loc":{"start":{"line":27,"column":8},"end":{"line":29,"column":9}},"type":"if","locations":[{"start":{"line":27,"column":8},"end":{"line":29,"column":9}},{"start":{},"end":{}}]},"1":{"loc":{"start":{"line":41,"column":12},"end":{"line":43,"column":13}},"type":"if","locations":[{"start":{"line":41,"column":12},"end":{"line":43,"column":13}},{"start":{},"end":{}}]},"2":{"loc":{"start":{"line":45,"column":12},"end":{"line":48,"column":13}},"type":"if","locations":[{"start":{"line":45,"column":12},"end":{"line":48,"column":13}},{"start":{},"end":{}}]},"3":{"loc":{"start":{"line":65,"column":8},"end":{"line":67,"column":9}},"type":"if","locations":[{"start":{"line":65,"column":8},"end":{"line":67,"column":9}},{"start":{},"end":{}}]},"4":{"loc":{"start":{"line":65,"column":11},"end":{"line":65,"column":62}},"type":"binary-expr","locations":[{"start":{"line":65,"column":11},"end":{"line":65,"column":25}},{"start":{"line":65,"column":29},"end":{"line":65,"column":62}}]},"5":{"loc":{"start":{"line":14,"column":37},"end":{"line":14,"column":null}},"type":"cond-expr","locations":[{"start":{"line":14,"column":47},"end":{"line":14,"column":null}},{"start":{"line":14,"column":47},"end":{"line":14,"column":null}}]},"6":{"loc":{"start":{"line":14,"column":37},"end":{"line":14,"column":47}},"type":"binary-expr","locations":[{"start":{"line":14,"column":37},"end":{"line":14,"column":null}},{"start":{"line":14,"column":37},"end":{"line":14,"column":47}}]},"7":{"loc":{"start":{"line":14,"column":47},"end":{"line":15,"column":null}},"type":"cond-expr","locations":[{"start":{"line":15,"column":46},"end":{"line":15,"column":null}},{"start":{"line":15,"column":46},"end":{"line":15,"column":null}}]},"8":{"loc":{"start":{"line":14,"column":47},"end":{"line":15,"column":46}},"type":"binary-expr","locations":[{"start":{"line":14,"column":47},"end":{"line":15,"column":null}},{"start":{"line":15,"column":33},"end":{"line":15,"column":46}}]}},"s":{"0":0,"1":0,"2":0,"3":0,"4":0,"5":0,"6":0,"7":0,"8":0,"9":0,"10":0,"11":0,"12":0,"13":0,"14":0,"15":0,"16":0,"17":0,"18":0,"19":0,"20":0,"21":0,"22":0,"23":0,"24":0,"25":0,"26":0,"27":0,"28":0},"f":{"0":0,"1":0,"2":0},"b":{"0":[0,0],"1":[0,0],"2":[0,0],"3":[0,0],"4":[0,0],"5":[0,0],"6":[0,0],"7":[0,0],"8":[0,0]}}
,"/Users/rodrigodutra/Desktop/learning-journal/nest-js-course/src/auth/hash/bcrypt.service.ts": {"path":"/Users/rodrigodutra/Desktop/learning-journal/nest-js-course/src/auth/hash/bcrypt.service.ts","statementMap":{"0":{"start":{"line":2,"column":0},"end":{"line":2,"column":59}},"1":{"start":{"line":3,"column":0},"end":{"line":3,"column":34}},"2":{"start":{"line":6,"column":21},"end":{"line":6,"column":43}},"3":{"start":{"line":7,"column":8},"end":{"line":7,"column":null}},"4":{"start":{"line":13,"column":8},"end":{"line":13,"column":54}},"5":{"start":{"line":4,"column":0},"end":{"line":4,"column":13}}},"fnMap":{"0":{"name":"(anonymous_9)","decl":{"start":{"line":5,"column":4},"end":{"line":5,"column":9}},"loc":{"start":{"line":5,"column":31},"end":{"line":10,"column":5}}},"1":{"name":"(anonymous_10)","decl":{"start":{"line":12,"column":4},"end":{"line":12,"column":9}},"loc":{"start":{"line":12,"column":56},"end":{"line":15,"column":5}}}},"branchMap":{},"s":{"0":0,"1":0,"2":0,"3":0,"4":0,"5":0},"f":{"0":0,"1":0},"b":{}}
,"/Users/rodrigodutra/Desktop/learning-journal/nest-js-course/src/auth/hash/hashing.service.ts": {"path":"/Users/rodrigodutra/Desktop/learning-journal/nest-js-course/src/auth/hash/hashing.service.ts","statementMap":{"0":{"start":{"line":2,"column":0},"end":{"line":2,"column":22}}},"fnMap":{},"branchMap":{},"s":{"0":0},"f":{},"b":{}}
,"/Users/rodrigodutra/Desktop/learning-journal/nest-js-course/src/auth/param/token-payload.param.ts": {"path":"/Users/rodrigodutra/Desktop/learning-journal/nest-js-course/src/auth/param/token-payload.param.ts","statementMap":{"0":{"start":{"line":1,"column":0},"end":{"line":1,"column":72}},"1":{"start":{"line":2,"column":0},"end":{"line":2,"column":70}},"2":{"start":{"line":4,"column":13},"end":{"line":11,"column":null}},"3":{"start":{"line":6,"column":24},"end":{"line":6,"column":42}},"4":{"start":{"line":7,"column":33},"end":{"line":7,"column":53}},"5":{"start":{"line":9,"column":8},"end":{"line":9,"column":null}}},"fnMap":{"0":{"name":"(anonymous_0)","decl":{"start":{"line":5,"column":4},"end":{"line":5,"column":5}},"loc":{"start":{"line":5,"column":45},"end":{"line":10,"column":5}}}},"branchMap":{},"s":{"0":0,"1":0,"2":0,"3":0,"4":0,"5":0},"f":{"0":0},"b":{}}
,"/Users/rodrigodutra/Desktop/learning-journal/nest-js-course/src/common/dto/pagination.dto.ts": {"path":"/Users/rodrigodutra/Desktop/learning-journal/nest-js-course/src/common/dto/pagination.dto.ts","statementMap":{"0":{"start":{"line":1,"column":0},"end":{"line":1,"column":41}},"1":{"start":{"line":2,"column":0},"end":{"line":2,"column":62}},"2":{"start":{"line":3,"column":0},"end":{"line":3,"column":13}},"3":{"start":{"line":9,"column":4},"end":{"line":9,"column":null}},"4":{"start":{"line":8,"column":16},"end":{"line":8,"column":22}},"5":{"start":{"line":15,"column":4},"end":{"line":15,"column":null}},"6":{"start":{"line":14,"column":16},"end":{"line":14,"column":22}}},"fnMap":{"0":{"name":"(anonymous_2)","decl":{"start":{"line":8,"column":10},"end":{"line":8,"column":13}},"loc":{"start":{"line":8,"column":16},"end":{"line":8,"column":22}}},"1":{"name":"(anonymous_3)","decl":{"start":{"line":14,"column":10},"end":{"line":14,"column":13}},"loc":{"start":{"line":14,"column":16},"end":{"line":14,"column":22}}}},"branchMap":{},"s":{"0":0,"1":0,"2":0,"3":0,"4":0,"5":0,"6":0},"f":{"0":0,"1":0},"b":{}}
,"/Users/rodrigodutra/Desktop/learning-journal/nest-js-course/src/common/filters/exception-filter.ts": {"path":"/Users/rodrigodutra/Desktop/learning-journal/nest-js-course/src/common/filters/exception-filter.ts","statementMap":{"0":{"start":{"line":1,"column":0},"end":{"line":1,"column":86}},"1":{"start":{"line":6,"column":7},"end":{"line":25,"column":null}},"2":{"start":{"line":9,"column":20},"end":{"line":9,"column":39}},"3":{"start":{"line":10,"column":25},"end":{"line":10,"column":52}},"4":{"start":{"line":11,"column":24},"end":{"line":11,"column":49}},"5":{"start":{"line":12,"column":23},"end":{"line":12,"column":44}},"6":{"start":{"line":13,"column":30},"end":{"line":13,"column":53}},"7":{"start":{"line":15,"column":8},"end":{"line":15,"column":null}},"8":{"start":{"line":18,"column":8},"end":{"line":23,"column":11}},"9":{"start":{"line":6,"column":13},"end":{"line":6,"column":31}},"10":{"start":{"line":6,"column":13},"end":{"line":25,"column":null}}},"fnMap":{"0":{"name":"(anonymous_1)","decl":{"start":{"line":7,"column":4},"end":{"line":7,"column":9}},"loc":{"start":{"line":7,"column":55},"end":{"line":24,"column":5}}}},"branchMap":{},"s":{"0":0,"1":0,"2":0,"3":0,"4":0,"5":0,"6":0,"7":0,"8":0,"9":0,"10":0},"f":{"0":0},"b":{}}
,"/Users/rodrigodutra/Desktop/learning-journal/nest-js-course/src/common/guards/admin.guard.ts": {"path":"/Users/rodrigodutra/Desktop/learning-journal/nest-js-course/src/common/guards/admin.guard.ts","statementMap":{"0":{"start":{"line":1,"column":0},"end":{"line":1,"column":73}},"1":{"start":{"line":12,"column":7},"end":{"line":22,"column":null}},"2":{"start":{"line":14,"column":8},"end":{"line":14,"column":46}},"3":{"start":{"line":15,"column":24},"end":{"line":15,"column":59}},"4":{"start":{"line":17,"column":8},"end":{"line":17,"column":58}},"5":{"start":{"line":17,"column":46},"end":{"line":17,"column":58}},"6":{"start":{"line":19,"column":8},"end":{"line":19,"column":21}},"7":{"start":{"line":12,"column":13},"end":{"line":12,"column":27}},"8":{"start":{"line":12,"column":13},"end":{"line":22,"column":null}}},"fnMap":{"0":{"name":"(anonymous_1)","decl":{"start":{"line":13,"column":4},"end":{"line":13,"column":15}},"loc":{"start":{"line":13,"column":41},"end":{"line":20,"column":5}}}},"branchMap":{"0":{"loc":{"start":{"line":17,"column":8},"end":{"line":17,"column":58}},"type":"if","locations":[{"start":{"line":17,"column":8},"end":{"line":17,"column":58}},{"start":{},"end":{}}]}},"s":{"0":0,"1":0,"2":0,"3":0,"4":0,"5":0,"6":0,"7":0,"8":0},"f":{"0":0},"b":{"0":[0,0]}}
,"/Users/rodrigodutra/Desktop/learning-journal/nest-js-course/src/common/interceptors/logger.interceptor.ts": {"path":"/Users/rodrigodutra/Desktop/learning-journal/nest-js-course/src/common/interceptors/logger.interceptor.ts","statementMap":{"0":{"start":{"line":1,"column":0},"end":{"line":1,"column":92}},"1":{"start":{"line":3,"column":0},"end":{"line":3,"column":37}},"2":{"start":{"line":6,"column":7},"end":{"line":24,"column":null}},"3":{"start":{"line":10,"column":25},"end":{"line":10,"column":60}},"4":{"start":{"line":11,"column":23},"end":{"line":11,"column":37}},"5":{"start":{"line":12,"column":20},"end":{"line":12,"column":31}},"6":{"start":{"line":13,"column":20},"end":{"line":13,"column":30}},"7":{"start":{"line":15,"column":8},"end":{"line":15,"column":null}},"8":{"start":{"line":16,"column":8},"end":{"line":16,"column":null}},"9":{"start":{"line":18,"column":8},"end":{"line":22,"column":null}},"10":{"start":{"line":20,"column":16},"end":{"line":20,"column":null}},"11":{"start":{"line":6,"column":13},"end":{"line":6,"column":30}},"12":{"start":{"line":6,"column":13},"end":{"line":24,"column":null}}},"fnMap":{"0":{"name":"(anonymous_1)","decl":{"start":{"line":7,"column":4},"end":{"line":7,"column":13}},"loc":{"start":{"line":7,"column":65},"end":{"line":23,"column":5}}},"1":{"name":"(anonymous_2)","decl":{"start":{"line":19,"column":16},"end":{"line":19,"column":19}},"loc":{"start":{"line":19,"column":21},"end":{"line":21,"column":13}}}},"branchMap":{},"s":{"0":0,"1":0,"2":0,"3":0,"4":0,"5":0,"6":0,"7":0,"8":0,"9":0,"10":0,"11":0,"12":0},"f":{"0":0,"1":0},"b":{}}
,"/Users/rodrigodutra/Desktop/learning-journal/nest-js-course/src/common/middlewares/logger.middleware.ts": {"path":"/Users/rodrigodutra/Desktop/learning-journal/nest-js-course/src/common/middlewares/logger.middleware.ts","statementMap":{"0":{"start":{"line":1,"column":0},"end":{"line":1,"column":60}},"1":{"start":{"line":6,"column":7},"end":{"line":21,"column":null}},"2":{"start":{"line":8,"column":8},"end":{"line":8,"column":null}},"3":{"start":{"line":9,"column":30},"end":{"line":9,"column":55}},"4":{"start":{"line":11,"column":8},"end":{"line":17,"column":9}},"5":{"start":{"line":12,"column":12},"end":{"line":15,"column":null}},"6":{"start":{"line":18,"column":8},"end":{"line":18,"column":15}},"7":{"start":{"line":6,"column":13},"end":{"line":6,"column":29}},"8":{"start":{"line":6,"column":13},"end":{"line":21,"column":null}}},"fnMap":{"0":{"name":"(anonymous_1)","decl":{"start":{"line":7,"column":4},"end":{"line":7,"column":7}},"loc":{"start":{"line":7,"column":55},"end":{"line":20,"column":5}}}},"branchMap":{"0":{"loc":{"start":{"line":11,"column":8},"end":{"line":17,"column":9}},"type":"if","locations":[{"start":{"line":11,"column":8},"end":{"line":17,"column":9}},{"start":{},"end":{}}]}},"s":{"0":0,"1":0,"2":0,"3":0,"4":0,"5":0,"6":0,"7":0,"8":0},"f":{"0":0},"b":{"0":[0,0]}}
,"/Users/rodrigodutra/Desktop/learning-journal/nest-js-course/src/generated/prisma/browser.ts": {"path":"/Users/rodrigodutra/Desktop/learning-journal/nest-js-course/src/generated/prisma/browser.ts","statementMap":{"0":{"start":{"line":16,"column":0},"end":{"line":16,"column":62}},"1":{"start":{"line":17,"column":9},"end":{"line":17,"column":15}},"2":{"start":{"line":18,"column":0},"end":{"line":18,"column":36}},"3":{"start":{"line":19,"column":0},"end":{"line":19,"column":27}}},"fnMap":{},"branchMap":{},"s":{"0":0,"1":0,"2":0,"3":0},"f":{},"b":{}}
,"/Users/rodrigodutra/Desktop/learning-journal/nest-js-course/src/generated/prisma/client.ts": {"path":"/Users/rodrigodutra/Desktop/learning-journal/nest-js-course/src/generated/prisma/client.ts","statementMap":{"0":{"start":{"line":18,"column":0},"end":{"line":18,"column":45}},"1":{"start":{"line":19,"column":0},"end":{"line":19,"column":55}},"2":{"start":{"line":40,"column":9},"end":{"line":40,"column":15}},"3":{"start":{"line":21,"column":0},"end":{"line":21,"column":36}},"4":{"start":{"line":22,"column":0},"end":{"line":22,"column":26}},"5":{"start":{"line":38,"column":13},"end":{"line":38,"column":null}}},"fnMap":{},"branchMap":{},"s":{"0":0,"1":0,"2":0,"3":0,"4":0,"5":0},"f":{},"b":{}}
,"/Users/rodrigodutra/Desktop/learning-journal/nest-js-course/src/generated/prisma/internal/class.ts": {"path":"/Users/rodrigodutra/Desktop/learning-journal/nest-js-course/src/generated/prisma/internal/class.ts","statementMap":{"0":{"start":{"line":212,"column":0},"end":{"line":212,"column":16}},"1":{"start":{"line":14,"column":0},"end":{"line":14,"column":56}},"2":{"start":{"line":18,"column":46},"end":{"line":33,"column":null}},"3":{"start":{"line":35,"column":0},"end":{"line":35,"column":null}},"4":{"start":{"line":36,"column":0},"end":{"line":39,"column":null}},"5":{"start":{"line":42,"column":21},"end":{"line":42,"column":48}},"6":{"start":{"line":43,"column":20},"end":{"line":43,"column":53}},"7":{"start":{"line":44,"column":2},"end":{"line":44,"column":null}},"8":{"start":{"line":47,"column":0},"end":{"line":56,"column":null}},"9":{"start":{"line":48,"column":26},"end":{"line":48,"column":97}},"10":{"start":{"line":51,"column":21},"end":{"line":51,"column":104}},"11":{"start":{"line":52,"column":4},"end":{"line":52,"column":null}},"12":{"start":{"line":213,"column":2},"end":{"line":213,"column":null}}},"fnMap":{"0":{"name":"decodeBase64AsWasm","decl":{"start":{"line":41,"column":15},"end":{"line":41,"column":33}},"loc":{"start":{"line":41,"column":52},"end":{"line":45,"column":1}}},"1":{"name":"(anonymous_10)","decl":{"start":{"line":48,"column":14},"end":{"line":48,"column":19}},"loc":{"start":{"line":48,"column":26},"end":{"line":48,"column":97}}},"2":{"name":"(anonymous_11)","decl":{"start":{"line":50,"column":30},"end":{"line":50,"column":35}},"loc":{"start":{"line":50,"column":41},"end":{"line":53,"column":3}}},"3":{"name":"getPrismaClientClass","decl":{"start":{"line":212,"column":16},"end":{"line":212,"column":36}},"loc":{"start":{"line":212,"column":36},"end":{"line":214,"column":1}}}},"branchMap":{},"s":{"0":0,"1":0,"2":0,"3":0,"4":0,"5":0,"6":0,"7":0,"8":0,"9":0,"10":0,"11":0,"12":0},"f":{"0":0,"1":0,"2":0,"3":0},"b":{}}
,"/Users/rodrigodutra/Desktop/learning-journal/nest-js-course/src/generated/prisma/internal/prismaNamespace.ts": {"path":"/Users/rodrigodutra/Desktop/learning-journal/nest-js-course/src/generated/prisma/internal/prismaNamespace.ts","statementMap":{"0":{"start":{"line":18,"column":0},"end":{"line":18,"column":56}},"1":{"start":{"line":32,"column":13},"end":{"line":32,"column":null}},"2":{"start":{"line":35,"column":13},"end":{"line":35,"column":null}},"3":{"start":{"line":38,"column":13},"end":{"line":38,"column":null}},"4":{"start":{"line":41,"column":13},"end":{"line":41,"column":null}},"5":{"start":{"line":44,"column":13},"end":{"line":44,"column":null}},"6":{"start":{"line":50,"column":13},"end":{"line":50,"column":null}},"7":{"start":{"line":51,"column":13},"end":{"line":51,"column":null}},"8":{"start":{"line":52,"column":13},"end":{"line":52,"column":null}},"9":{"start":{"line":53,"column":13},"end":{"line":53,"column":null}},"10":{"start":{"line":54,"column":13},"end":{"line":54,"column":null}},"11":{"start":{"line":62,"column":13},"end":{"line":62,"column":null}},"12":{"start":{"line":71,"column":13},"end":{"line":71,"column":null}},"13":{"start":{"line":86,"column":13},"end":{"line":89,"column":null}},"14":{"start":{"line":104,"column":13},"end":{"line":108,"column":null}},"15":{"start":{"line":114,"column":13},"end":{"line":114,"column":null}},"16":{"start":{"line":121,"column":13},"end":{"line":121,"column":null}},"17":{"start":{"line":128,"column":13},"end":{"line":128,"column":null}},"18":{"start":{"line":386,"column":13},"end":{"line":389,"column":null}},"19":{"start":{"line":585,"column":13},"end":{"line":587,"column":null}},"20":{"start":{"line":592,"column":13},"end":{"line":599,"column":null}},"21":{"start":{"line":604,"column":13},"end":{"line":611,"column":null}},"22":{"start":{"line":616,"column":13},"end":{"line":619,"column":null}},"23":{"start":{"line":624,"column":13},"end":{"line":627,"column":null}},"24":{"start":{"line":679,"column":13},"end":{"line":679,"column":null}}},"fnMap":{},"branchMap":{},"s":{"0":0,"1":0,"2":0,"3":0,"4":0,"5":0,"6":0,"7":0,"8":0,"9":0,"10":0,"11":0,"12":0,"13":0,"14":0,"15":0,"16":0,"17":0,"18":0,"19":0,"20":0,"21":0,"22":0,"23":0,"24":0},"f":{},"b":{}}
,"/Users/rodrigodutra/Desktop/learning-journal/nest-js-course/src/generated/prisma/internal/prismaNamespaceBrowser.ts": {"path":"/Users/rodrigodutra/Desktop/learning-journal/nest-js-course/src/generated/prisma/internal/prismaNamespaceBrowser.ts","statementMap":{"0":{"start":{"line":18,"column":0},"end":{"line":18,"column":63}},"1":{"start":{"line":23,"column":13},"end":{"line":23,"column":null}},"2":{"start":{"line":26,"column":13},"end":{"line":30,"column":null}},"3":{"start":{"line":36,"column":13},"end":{"line":36,"column":null}},"4":{"start":{"line":43,"column":13},"end":{"line":43,"column":null}},"5":{"start":{"line":50,"column":13},"end":{"line":50,"column":null}},"6":{"start":{"line":53,"column":13},"end":{"line":56,"column":null}},"7":{"start":{"line":64,"column":13},"end":{"line":66,"column":null}},"8":{"start":{"line":71,"column":13},"end":{"line":78,"column":null}},"9":{"start":{"line":83,"column":13},"end":{"line":90,"column":null}},"10":{"start":{"line":95,"column":13},"end":{"line":98,"column":null}},"11":{"start":{"line":103,"column":13},"end":{"line":106,"column":null}}},"fnMap":{},"branchMap":{},"s":{"0":0,"1":0,"2":0,"3":0,"4":0,"5":0,"6":0,"7":0,"8":0,"9":0,"10":0,"11":0},"f":{},"b":{}}
,"/Users/rodrigodutra/Desktop/learning-journal/nest-js-course/src/prisma/prisma.module.ts": {"path":"/Users/rodrigodutra/Desktop/learning-journal/nest-js-course/src/prisma/prisma.module.ts","statementMap":{"0":{"start":{"line":1,"column":0},"end":{"line":1,"column":40}},"1":{"start":{"line":2,"column":0},"end":{"line":2,"column":49}},"2":{"start":{"line":8,"column":7},"end":{"line":8,"column":null}},"3":{"start":{"line":8,"column":13},"end":{"line":8,"column":25}},"4":{"start":{"line":8,"column":13},"end":{"line":8,"column":null}}},"fnMap":{},"branchMap":{},"s":{"0":0,"1":0,"2":0,"3":0,"4":0},"f":{},"b":{}}
,"/Users/rodrigodutra/Desktop/learning-journal/nest-js-course/src/prisma/prisma.service.ts": {"path":"/Users/rodrigodutra/Desktop/learning-journal/nest-js-course/src/prisma/prisma.service.ts","statementMap":{"0":{"start":{"line":1,"column":0},"end":{"line":1,"column":43}},"1":{"start":{"line":2,"column":0},"end":{"line":2,"column":57}},"2":{"start":{"line":3,"column":0},"end":{"line":3,"column":68}},"3":{"start":{"line":6,"column":7},"end":{"line":13,"column":null}},"4":{"start":{"line":8,"column":20},"end":{"line":10,"column":6}},"5":{"start":{"line":11,"column":4},"end":{"line":11,"column":null}},"6":{"start":{"line":6,"column":13},"end":{"line":6,"column":26}},"7":{"start":{"line":6,"column":13},"end":{"line":13,"column":null}}},"fnMap":{"0":{"name":"(anonymous_2)","decl":{"start":{"line":7,"column":2},"end":{"line":7,"column":null}},"loc":{"start":{"line":7,"column":2},"end":{"line":12,"column":3}}}},"branchMap":{"0":{"loc":{"start":{"line":9,"column":11},"end":{"line":9,"column":61}},"type":"binary-expr","locations":[{"start":{"line":9,"column":11},"end":{"line":9,"column":35}},{"start":{"line":9,"column":39},"end":{"line":9,"column":61}}]}},"s":{"0":0,"1":0,"2":0,"3":0,"4":0,"5":0,"6":0,"7":0},"f":{"0":0},"b":{"0":[0,0]}}
,"/Users/rodrigodutra/Desktop/learning-journal/nest-js-course/src/tasks/tasks.controller.ts": {"path":"/Users/rodrigodutra/Desktop/learning-journal/nest-js-course/src/tasks/tasks.controller.ts","statementMap":{"0":{"start":{"line":1,"column":0},"end":{"line":1,"column":140}},"1":{"start":{"line":2,"column":0},"end":{"line":2,"column":47}},"2":{"start":{"line":3,"column":0},"end":{"line":3,"column":55}},"3":{"start":{"line":4,"column":0},"end":{"line":4,"column":54}},"4":{"start":{"line":5,"column":0},"end":{"line":5,"column":62}},"5":{"start":{"line":6,"column":0},"end":{"line":6,"column":79}},"6":{"start":{"line":8,"column":0},"end":{"line":8,"column":65}},"7":{"start":{"line":9,"column":0},"end":{"line":9,"column":71}},"8":{"start":{"line":10,"column":0},"end":{"line":10,"column":65}},"9":{"start":{"line":17,"column":7},"end":{"line":69,"column":null}},"10":{"start":{"line":20,"column":25},"end":{"line":20,"column":38}},"11":{"start":{"line":23,"column":25},"end":{"line":23,"column":41}},"12":{"start":{"line":30,"column":8},"end":{"line":30,"column":null}},"13":{"start":{"line":36,"column":8},"end":{"line":36,"column":44}},"14":{"start":{"line":46,"column":8},"end":{"line":46,"column":68}},"15":{"start":{"line":56,"column":8},"end":{"line":56,"column":72}},"16":{"start":{"line":66,"column":8},"end":{"line":66,"column":57}},"17":{"start":{"line":17,"column":13},"end":{"line":17,"column":28}},"18":{"start":{"line":28,"column":4},"end":{"line":31,"column":null}},"19":{"start":{"line":34,"column":4},"end":{"line":37,"column":null}},"20":{"start":{"line":41,"column":4},"end":{"line":48,"column":null}},"21":{"start":{"line":52,"column":4},"end":{"line":57,"column":null}},"22":{"start":{"line":61,"column":4},"end":{"line":67,"column":null}},"23":{"start":{"line":17,"column":13},"end":{"line":69,"column":null}}},"fnMap":{"0":{"name":"(anonymous_4)","decl":{"start":{"line":19,"column":4},"end":{"line":19,"column":null}},"loc":{"start":{"line":23,"column":41},"end":{"line":25,"column":7}}},"1":{"name":"(anonymous_5)","decl":{"start":{"line":28,"column":4},"end":{"line":28,"column":16}},"loc":{"start":{"line":28,"column":54},"end":{"line":31,"column":5}}},"2":{"name":"(anonymous_6)","decl":{"start":{"line":34,"column":4},"end":{"line":34,"column":15}},"loc":{"start":{"line":34,"column":53},"end":{"line":37,"column":5}}},"3":{"name":"(anonymous_7)","decl":{"start":{"line":41,"column":4},"end":{"line":41,"column":14}},"loc":{"start":{"line":43,"column":59},"end":{"line":48,"column":5}}},"4":{"name":"(anonymous_8)","decl":{"start":{"line":52,"column":4},"end":{"line":52,"column":14}},"loc":{"start":{"line":54,"column":59},"end":{"line":57,"column":5}}},"5":{"name":"(anonymous_9)","decl":{"start":{"line":61,"column":4},"end":{"line":61,"column":14}},"loc":{"start":{"line":63,"column":58},"end":{"line":67,"column":5}}}},"branchMap":{"0":{"loc":{"start":{"line":28,"column":41},"end":{"line":28,"column":null}},"type":"cond-expr","locations":[{"start":{"line":28,"column":54},"end":{"line":28,"column":null}},{"start":{"line":28,"column":54},"end":{"line":28,"column":null}}]},"1":{"loc":{"start":{"line":28,"column":41},"end":{"line":28,"column":54}},"type":"binary-expr","locations":[{"start":{"line":28,"column":41},"end":{"line":28,"column":null}},{"start":{"line":28,"column":41},"end":{"line":28,"column":54}}]},"2":{"loc":{"start":{"line":42,"column":31},"end":{"line":42,"column":null}},"type":"cond-expr","locations":[{"start":{"line":42,"column":44},"end":{"line":42,"column":null}},{"start":{"line":42,"column":44},"end":{"line":42,"column":null}}]},"3":{"loc":{"start":{"line":42,"column":31},"end":{"line":42,"column":44}},"type":"binary-expr","locations":[{"start":{"line":42,"column":31},"end":{"line":42,"column":null}},{"start":{"line":42,"column":31},"end":{"line":42,"column":44}}]},"4":{"loc":{"start":{"line":42,"column":44},"end":{"line":43,"column":null}},"type":"cond-expr","locations":[{"start":{"line":43,"column":59},"end":{"line":43,"column":null}},{"start":{"line":43,"column":59},"end":{"line":43,"column":null}}]},"5":{"loc":{"start":{"line":42,"column":44},"end":{"line":43,"column":59}},"type":"binary-expr","locations":[{"start":{"line":42,"column":44},"end":{"line":43,"column":null}},{"start":{"line":43,"column":44},"end":{"line":43,"column":59}}]},"6":{"loc":{"start":{"line":53,"column":70},"end":{"line":53,"column":null}},"type":"cond-expr","locations":[{"start":{"line":53,"column":83},"end":{"line":53,"column":null}},{"start":{"line":53,"column":83},"end":{"line":53,"column":null}}]},"7":{"loc":{"start":{"line":53,"column":70},"end":{"line":53,"column":83}},"type":"binary-expr","locations":[{"start":{"line":53,"column":70},"end":{"line":53,"column":null}},{"start":{"line":53,"column":70},"end":{"line":53,"column":83}}]},"8":{"loc":{"start":{"line":53,"column":83},"end":{"line":54,"column":null}},"type":"cond-expr","locations":[{"start":{"line":54,"column":59},"end":{"line":54,"column":null}},{"start":{"line":54,"column":59},"end":{"line":54,"column":null}}]},"9":{"loc":{"start":{"line":53,"column":83},"end":{"line":54,"column":59}},"type":"binary-expr","locations":[{"start":{"line":53,"column":83},"end":{"line":54,"column":null}},{"start":{"line":54,"column":44},"end":{"line":54,"column":59}}]},"10":{"loc":{"start":{"line":63,"column":43},"end":{"line":63,"column":null}},"type":"cond-expr","locations":[{"start":{"line":63,"column":58},"end":{"line":63,"column":null}},{"start":{"line":63,"column":58},"end":{"line":63,"column":null}}]},"11":{"loc":{"start":{"line":63,"column":43},"end":{"line":63,"column":58}},"type":"binary-expr","locations":[{"start":{"line":63,"column":43},"end":{"line":63,"column":null}},{"start":{"line":63,"column":43},"end":{"line":63,"column":58}}]},"12":{"loc":{"start":{"line":20,"column":38},"end":{"line":20,"column":null}},"type":"cond-expr","locations":[{"start":{"line":20,"column":50},"end":{"line":20,"column":null}},{"start":{"line":20,"column":50},"end":{"line":20,"column":null}}]},"13":{"loc":{"start":{"line":20,"column":38},"end":{"line":20,"column":50}},"type":"binary-expr","locations":[{"start":{"line":20,"column":38},"end":{"line":20,"column":null}},{"start":{"line":20,"column":38},"end":{"line":20,"column":50}}]}},"s":{"0":0,"1":0,"2":0,"3":0,"4":0,"5":0,"6":0,"7":0,"8":0,"9":0,"10":0,"11":0,"12":0,"13":0,"14":0,"15":0,"16":0,"17":0,"18":0,"19":0,"20":0,"21":0,"22":0,"23":0},"f":{"0":0,"1":0,"2":0,"3":0,"4":0,"5":0},"b":{"0":[0,0],"1":[0,0],"2":[0,0],"3":[0,0],"4":[0,0],"5":[0,0],"6":[0,0],"7":[0,0],"8":[0,0],"9":[0,0],"10":[0,0],"11":[0,0],"12":[0,0],"13":[0,0]}}
,"/Users/rodrigodutra/Desktop/learning-journal/nest-js-course/src/tasks/tasks.module.ts": {"path":"/Users/rodrigodutra/Desktop/learning-journal/nest-js-course/src/tasks/tasks.module.ts","statementMap":{"0":{"start":{"line":1,"column":0},"end":{"line":1,"column":40}},"1":{"start":{"line":2,"column":0},"end":{"line":2,"column":53}},"2":{"start":{"line":3,"column":0},"end":{"line":3,"column":47}},"3":{"start":{"line":4,"column":0},"end":{"line":4,"column":56}},"4":{"start":{"line":5,"column":0},"end":{"line":5,"column":73}},"5":{"start":{"line":6,"column":0},"end":{"line":6,"column":42}},"6":{"start":{"line":7,"column":0},"end":{"line":7,"column":42}},"7":{"start":{"line":25,"column":7},"end":{"line":25,"column":null}},"8":{"start":{"line":25,"column":13},"end":{"line":25,"column":24}},"9":{"start":{"line":25,"column":13},"end":{"line":25,"column":null}}},"fnMap":{},"branchMap":{},"s":{"0":0,"1":0,"2":0,"3":0,"4":0,"5":0,"6":0,"7":0,"8":0,"9":0},"f":{},"b":{}}
,"/Users/rodrigodutra/Desktop/learning-journal/nest-js-course/src/tasks/tasks.service.ts": {"path":"/Users/rodrigodutra/Desktop/learning-journal/nest-js-course/src/tasks/tasks.service.ts","statementMap":{"0":{"start":{"line":1,"column":0},"end":{"line":1,"column":71}},"1":{"start":{"line":5,"column":0},"end":{"line":5,"column":58}},"2":{"start":{"line":11,"column":7},"end":{"line":126,"column":null}},"3":{"start":{"line":13,"column":24},"end":{"line":13,"column":32}},"4":{"start":{"line":18,"column":42},"end":{"line":18,"column":61}},"5":{"start":{"line":20,"column":25},"end":{"line":23,"column":10}},"6":{"start":{"line":24,"column":8},"end":{"line":24,"column":24}},"7":{"start":{"line":28,"column":20},"end":{"line":32,"column":9}},"8":{"start":{"line":34,"column":7},"end":{"line":34,"column":30}},"9":{"start":{"line":34,"column":18},"end":{"line":34,"column":30}},"10":{"start":{"line":36,"column":7},"end":{"line":36,"column":null}},"11":{"start":{"line":41,"column":8},"end":{"line":58,"column":9}},"12":{"start":{"line":42,"column":28},"end":{"line":49,"column":14}},"13":{"start":{"line":51,"column":12},"end":{"line":51,"column":27}},"14":{"start":{"line":54,"column":12},"end":{"line":54,"column":29}},"15":{"start":{"line":55,"column":13},"end":{"line":55,"column":null}},"16":{"start":{"line":63,"column":25},"end":{"line":67,"column":10}},"17":{"start":{"line":68,"column":8},"end":{"line":70,"column":9}},"18":{"start":{"line":69,"column":12},"end":{"line":69,"column":null}},"19":{"start":{"line":71,"column":8},"end":{"line":74,"column":9}},"20":{"start":{"line":72,"column":12},"end":{"line":72,"column":null}},"21":{"start":{"line":75,"column":21},"end":{"line":85,"column":10}},"22":{"start":{"line":87,"column":8},"end":{"line":87,"column":20}},"23":{"start":{"line":92,"column":8},"end":{"line":120,"column":9}},"24":{"start":{"line":93,"column":33},"end":{"line":97,"column":14}},"25":{"start":{"line":98,"column":12},"end":{"line":100,"column":13}},"26":{"start":{"line":99,"column":16},"end":{"line":99,"column":null}},"27":{"start":{"line":102,"column":12},"end":{"line":105,"column":13}},"28":{"start":{"line":103,"column":16},"end":{"line":103,"column":null}},"29":{"start":{"line":107,"column":12},"end":{"line":113,"column":null}},"30":{"start":{"line":114,"column":12},"end":{"line":116,"column":null}},"31":{"start":{"line":118,"column":12},"end":{"line":118,"column":null}},"32":{"start":{"line":11,"column":13},"end":{"line":11,"column":25}},"33":{"start":{"line":11,"column":13},"end":{"line":126,"column":null}}},"fnMap":{"0":{"name":"(anonymous_2)","decl":{"start":{"line":13,"column":4},"end":{"line":13,"column":24}},"loc":{"start":{"line":13,"column":45},"end":{"line":13,"column":48}}},"1":{"name":"(anonymous_3)","decl":{"start":{"line":17,"column":4},"end":{"line":17,"column":9}},"loc":{"start":{"line":17,"column":47},"end":{"line":25,"column":5}}},"2":{"name":"(anonymous_4)","decl":{"start":{"line":27,"column":4},"end":{"line":27,"column":11}},"loc":{"start":{"line":27,"column":22},"end":{"line":38,"column":5}}},"3":{"name":"(anonymous_5)","decl":{"start":{"line":40,"column":4},"end":{"line":40,"column":9}},"loc":{"start":{"line":40,"column":76},"end":{"line":60,"column":5}}},"4":{"name":"(anonymous_6)","decl":{"start":{"line":62,"column":4},"end":{"line":62,"column":9}},"loc":{"start":{"line":62,"column":88},"end":{"line":90,"column":5}}},"5":{"name":"(anonymous_7)","decl":{"start":{"line":91,"column":4},"end":{"line":91,"column":9}},"loc":{"start":{"line":91,"column":58},"end":{"line":121,"column":5}}}},"branchMap":{"0":{"loc":{"start":{"line":18,"column":16},"end":{"line":18,"column":26}},"type":"default-arg","locations":[{"start":{"line":18,"column":24},"end":{"line":18,"column":26}}]},"1":{"loc":{"start":{"line":18,"column":28},"end":{"line":18,"column":38}},"type":"default-arg","locations":[{"start":{"line":18,"column":37},"end":{"line":18,"column":38}}]},"2":{"loc":{"start":{"line":18,"column":42},"end":{"line":18,"column":61}},"type":"binary-expr","locations":[{"start":{"line":18,"column":42},"end":{"line":18,"column":55}},{"start":{"line":18,"column":59},"end":{"line":18,"column":61}}]},"3":{"loc":{"start":{"line":34,"column":7},"end":{"line":34,"column":30}},"type":"if","locations":[{"start":{"line":34,"column":7},"end":{"line":34,"column":30}},{"start":{},"end":{}}]},"4":{"loc":{"start":{"line":68,"column":8},"end":{"line":70,"column":9}},"type":"if","locations":[{"start":{"line":68,"column":8},"end":{"line":70,"column":9}},{"start":{},"end":{}}]},"5":{"loc":{"start":{"line":71,"column":8},"end":{"line":74,"column":9}},"type":"if","locations":[{"start":{"line":71,"column":8},"end":{"line":74,"column":9}},{"start":{},"end":{}}]},"6":{"loc":{"start":{"line":80,"column":22},"end":{"line":80,"column":79}},"type":"cond-expr","locations":[{"start":{"line":80,"column":44},"end":{"line":80,"column":63}},{"start":{"line":80,"column":66},"end":{"line":80,"column":79}}]},"7":{"loc":{"start":{"line":81,"column":29},"end":{"line":81,"column":107}},"type":"cond-expr","locations":[{"start":{"line":81,"column":58},"end":{"line":81,"column":84}},{"start":{"line":81,"column":87},"end":{"line":81,"column":107}}]},"8":{"loc":{"start":{"line":82,"column":27},"end":{"line":82,"column":99}},"type":"cond-expr","locations":[{"start":{"line":82,"column":54},"end":{"line":82,"column":78}},{"start":{"line":82,"column":81},"end":{"line":82,"column":99}}]},"9":{"loc":{"start":{"line":98,"column":12},"end":{"line":100,"column":13}},"type":"if","locations":[{"start":{"line":98,"column":12},"end":{"line":100,"column":13}},{"start":{},"end":{}}]},"10":{"loc":{"start":{"line":102,"column":12},"end":{"line":105,"column":13}},"type":"if","locations":[{"start":{"line":102,"column":12},"end":{"line":105,"column":13}},{"start":{},"end":{}}]},"11":{"loc":{"start":{"line":13,"column":32},"end":{"line":13,"column":47}},"type":"cond-expr","locations":[{"start":{"line":13,"column":45},"end":{"line":13,"column":47}},{"start":{"line":13,"column":45},"end":{"line":13,"column":47}}]},"12":{"loc":{"start":{"line":13,"column":32},"end":{"line":13,"column":45}},"type":"binary-expr","locations":[{"start":{"line":13,"column":32},"end":{"line":13,"column":47}},{"start":{"line":13,"column":32},"end":{"line":13,"column":45}}]}},"s":{"0":0,"1":0,"2":0,"3":0,"4":0,"5":0,"6":0,"7":0,"8":0,"9":0,"10":0,"11":0,"12":0,"13":0,"14":0,"15":0,"16":0,"17":0,"18":0,"19":0,"20":0,"21":0,"22":0,"23":0,"24":0,"25":0,"26":0,"27":0,"28":0,"29":0,"30":0,"31":0,"32":0,"33":0},"f":{"0":0,"1":0,"2":0,"3":0,"4":0,"5":0},"b":{"0":[0],"1":[0],"2":[0,0],"3":[0,0],"4":[0,0],"5":[0,0],"6":[0,0],"7":[0,0],"8":[0,0],"9":[0,0],"10":[0,0],"11":[0,0],"12":[0,0]}}
,"/Users/rodrigodutra/Desktop/learning-journal/nest-js-course/src/tasks/tasks.utils.ts": {"path":"/Users/rodrigodutra/Desktop/learning-journal/nest-js-course/src/tasks/tasks.utils.ts","statementMap":{"0":{"start":{"line":1,"column":0},"end":{"line":1,"column":44}},"1":{"start":{"line":4,"column":7},"end":{"line":10,"column":null}},"2":{"start":{"line":7,"column":8},"end":{"line":7,"column":31}},"3":{"start":{"line":4,"column":13},"end":{"line":4,"column":22}},"4":{"start":{"line":4,"column":13},"end":{"line":10,"column":null}}},"fnMap":{"0":{"name":"(anonymous_1)","decl":{"start":{"line":6,"column":4},"end":{"line":6,"column":15}},"loc":{"start":{"line":6,"column":28},"end":{"line":8,"column":5}}}},"branchMap":{},"s":{"0":0,"1":0,"2":0,"3":0,"4":0},"f":{"0":0},"b":{}}
,"/Users/rodrigodutra/Desktop/learning-journal/nest-js-course/src/tasks/dto/create-tasks.dto.ts": {"path":"/Users/rodrigodutra/Desktop/learning-journal/nest-js-course/src/tasks/dto/create-tasks.dto.ts","statementMap":{"0":{"start":{"line":3,"column":0},"end":{"line":3,"column":66}},"1":{"start":{"line":8,"column":0},"end":{"line":8,"column":13}},"2":{"start":{"line":12,"column":13},"end":{"line":12,"column":null}},"3":{"start":{"line":17,"column":13},"end":{"line":17,"column":null}}},"fnMap":{},"branchMap":{},"s":{"0":0,"1":0,"2":0,"3":0},"f":{},"b":{}}
,"/Users/rodrigodutra/Desktop/learning-journal/nest-js-course/src/tasks/dto/update-task.dto.ts": {"path":"/Users/rodrigodutra/Desktop/learning-journal/nest-js-course/src/tasks/dto/update-task.dto.ts","statementMap":{"0":{"start":{"line":1,"column":0},"end":{"line":1,"column":78}},"1":{"start":{"line":2,"column":0},"end":{"line":2,"column":51}},"2":{"start":{"line":3,"column":0},"end":{"line":3,"column":55}},"3":{"start":{"line":16,"column":0},"end":{"line":16,"column":13}},"4":{"start":{"line":20,"column":13},"end":{"line":20,"column":null}}},"fnMap":{},"branchMap":{},"s":{"0":0,"1":0,"2":0,"3":0,"4":0},"f":{},"b":{}}
,"/Users/rodrigodutra/Desktop/learning-journal/nest-js-course/src/tasks/entities/task.entity.ts": {"path":"/Users/rodrigodutra/Desktop/learning-journal/nest-js-course/src/tasks/entities/task.entity.ts","statementMap":{"0":{"start":{"line":1,"column":0},"end":{"line":1,"column":13}}},"fnMap":{},"branchMap":{},"s":{"0":0},"f":{},"b":{}}
,"/Users/rodrigodutra/Desktop/learning-journal/nest-js-course/src/users/users.controller.ts": {"path":"/Users/rodrigodutra/Desktop/learning-journal/nest-js-course/src/users/users.controller.ts","statementMap":{"0":{"start":{"line":1,"column":0},"end":{"line":1,"column":193}},"1":{"start":{"line":2,"column":0},"end":{"line":2,"column":47}},"2":{"start":{"line":3,"column":0},"end":{"line":3,"column":54}},"3":{"start":{"line":4,"column":0},"end":{"line":4,"column":54}},"4":{"start":{"line":5,"column":0},"end":{"line":5,"column":65}},"5":{"start":{"line":6,"column":0},"end":{"line":6,"column":71}},"6":{"start":{"line":7,"column":0},"end":{"line":7,"column":65}},"7":{"start":{"line":8,"column":0},"end":{"line":8,"column":77}},"8":{"start":{"line":21,"column":7},"end":{"line":83,"column":null}},"9":{"start":{"line":22,"column":33},"end":{"line":22,"column":46}},"10":{"start":{"line":27,"column":8},"end":{"line":27,"column":null}},"11":{"start":{"line":29,"column":8},"end":{"line":29,"column":44}},"12":{"start":{"line":35,"column":8},"end":{"line":35,"column":58}},"13":{"start":{"line":48,"column":8},"end":{"line":48,"column":72}},"14":{"start":{"line":55,"column":8},"end":{"line":55,"column":57}},"15":{"start":{"line":78,"column":8},"end":{"line":78,"column":null}},"16":{"start":{"line":21,"column":13},"end":{"line":21,"column":28}},"17":{"start":{"line":26,"column":4},"end":{"line":30,"column":null}},"18":{"start":{"line":33,"column":4},"end":{"line":40,"column":null}},"19":{"start":{"line":44,"column":4},"end":{"line":49,"column":null}},"20":{"start":{"line":53,"column":4},"end":{"line":56,"column":null}},"21":{"start":{"line":61,"column":10},"end":{"line":82,"column":null}},"22":{"start":{"line":21,"column":13},"end":{"line":83,"column":null}}},"fnMap":{"0":{"name":"(anonymous_4)","decl":{"start":{"line":22,"column":4},"end":{"line":22,"column":33}},"loc":{"start":{"line":22,"column":58},"end":{"line":22,"column":63}}},"1":{"name":"(anonymous_5)","decl":{"start":{"line":26,"column":4},"end":{"line":26,"column":15}},"loc":{"start":{"line":26,"column":53},"end":{"line":30,"column":5}}},"2":{"name":"(anonymous_6)","decl":{"start":{"line":33,"column":4},"end":{"line":33,"column":14}},"loc":{"start":{"line":33,"column":51},"end":{"line":40,"column":5}}},"3":{"name":"(anonymous_7)","decl":{"start":{"line":44,"column":4},"end":{"line":44,"column":14}},"loc":{"start":{"line":46,"column":58},"end":{"line":49,"column":5}}},"4":{"name":"(anonymous_8)","decl":{"start":{"line":53,"column":4},"end":{"line":53,"column":14}},"loc":{"start":{"line":54,"column":58},"end":{"line":56,"column":5}}},"5":{"name":"(anonymous_9)","decl":{"start":{"line":61,"column":10},"end":{"line":61,"column":22}},"loc":{"start":{"line":74,"column":21},"end":{"line":82,"column":5}}}},"branchMap":{"0":{"loc":{"start":{"line":33,"column":38},"end":{"line":33,"column":null}},"type":"cond-expr","locations":[{"start":{"line":33,"column":51},"end":{"line":33,"column":null}},{"start":{"line":33,"column":51},"end":{"line":33,"column":null}}]},"1":{"loc":{"start":{"line":33,"column":38},"end":{"line":33,"column":51}},"type":"binary-expr","locations":[{"start":{"line":33,"column":38},"end":{"line":33,"column":null}},{"start":{"line":33,"column":38},"end":{"line":33,"column":51}}]},"2":{"loc":{"start":{"line":45,"column":39},"end":{"line":45,"column":null}},"type":"cond-expr","locations":[{"start":{"line":45,"column":52},"end":{"line":45,"column":null}},{"start":{"line":45,"column":52},"end":{"line":45,"column":null}}]},"3":{"loc":{"start":{"line":45,"column":39},"end":{"line":45,"column":52}},"type":"binary-expr","locations":[{"start":{"line":45,"column":39},"end":{"line":45,"column":null}},{"start":{"line":45,"column":39},"end":{"line":45,"column":52}}]},"4":{"loc":{"start":{"line":45,"column":52},"end":{"line":46,"column":null}},"type":"cond-expr","locations":[{"start":{"line":46,"column":58},"end":{"line":46,"column":null}},{"start":{"line":46,"column":58},"end":{"line":46,"column":null}}]},"5":{"loc":{"start":{"line":45,"column":52},"end":{"line":46,"column":58}},"type":"binary-expr","locations":[{"start":{"line":45,"column":52},"end":{"line":46,"column":null}},{"start":{"line":46,"column":43},"end":{"line":46,"column":58}}]},"6":{"loc":{"start":{"line":54,"column":43},"end":{"line":54,"column":null}},"type":"cond-expr","locations":[{"start":{"line":54,"column":58},"end":{"line":54,"column":null}},{"start":{"line":54,"column":58},"end":{"line":54,"column":null}}]},"7":{"loc":{"start":{"line":54,"column":43},"end":{"line":54,"column":58}},"type":"binary-expr","locations":[{"start":{"line":54,"column":43},"end":{"line":54,"column":null}},{"start":{"line":54,"column":43},"end":{"line":54,"column":58}}]},"8":{"loc":{"start":{"line":62,"column":43},"end":{"line":62,"column":null}},"type":"cond-expr","locations":[{"start":{"line":62,"column":58},"end":{"line":62,"column":null}},{"start":{"line":62,"column":58},"end":{"line":62,"column":null}}]},"9":{"loc":{"start":{"line":62,"column":43},"end":{"line":62,"column":58}},"type":"binary-expr","locations":[{"start":{"line":62,"column":43},"end":{"line":62,"column":null}},{"start":{"line":62,"column":43},"end":{"line":62,"column":58}}]},"10":{"loc":{"start":{"line":22,"column":46},"end":{"line":22,"column":62}},"type":"cond-expr","locations":[{"start":{"line":22,"column":58},"end":{"line":22,"column":62}},{"start":{"line":22,"column":58},"end":{"line":22,"column":62}}]},"11":{"loc":{"start":{"line":22,"column":46},"end":{"line":22,"column":58}},"type":"binary-expr","locations":[{"start":{"line":22,"column":46},"end":{"line":22,"column":62}},{"start":{"line":22,"column":46},"end":{"line":22,"column":58}}]}},"s":{"0":0,"1":0,"2":0,"3":0,"4":0,"5":0,"6":0,"7":0,"8":0,"9":0,"10":0,"11":0,"12":0,"13":0,"14":0,"15":0,"16":0,"17":0,"18":0,"19":0,"20":0,"21":0,"22":0},"f":{"0":0,"1":0,"2":0,"3":0,"4":0,"5":0},"b":{"0":[0,0],"1":[0,0],"2":[0,0],"3":[0,0],"4":[0,0],"5":[0,0],"6":[0,0],"7":[0,0],"8":[0,0],"9":[0,0],"10":[0,0],"11":[0,0]}}
,"/Users/rodrigodutra/Desktop/learning-journal/nest-js-course/src/users/users.module.ts": {"path":"/Users/rodrigodutra/Desktop/learning-journal/nest-js-course/src/users/users.module.ts","statementMap":{"0":{"start":{"line":1,"column":0},"end":{"line":1,"column":40}},"1":{"start":{"line":2,"column":0},"end":{"line":2,"column":53}},"2":{"start":{"line":3,"column":0},"end":{"line":3,"column":47}},"3":{"start":{"line":4,"column":0},"end":{"line":4,"column":56}},"4":{"start":{"line":11,"column":7},"end":{"line":11,"column":null}},"5":{"start":{"line":11,"column":13},"end":{"line":11,"column":24}},"6":{"start":{"line":11,"column":13},"end":{"line":11,"column":null}}},"fnMap":{},"branchMap":{},"s":{"0":0,"1":0,"2":0,"3":0,"4":0,"5":0,"6":0},"f":{},"b":{}}
,"/Users/rodrigodutra/Desktop/learning-journal/nest-js-course/src/users/users.service.ts": {"path":"/Users/rodrigodutra/Desktop/learning-journal/nest-js-course/src/users/users.service.ts","statementMap":{"0":{"start":{"line":1,"column":0},"end":{"line":1,"column":73}},"1":{"start":{"line":2,"column":0},"end":{"line":2,"column":58}},"2":{"start":{"line":5,"column":0},"end":{"line":5,"column":71}},"3":{"start":{"line":7,"column":0},"end":{"line":7,"column":24}},"4":{"start":{"line":8,"column":0},"end":{"line":8,"column":29}},"5":{"start":{"line":11,"column":7},"end":{"line":199,"column":null}},"6":{"start":{"line":14,"column":16},"end":{"line":14,"column":24}},"7":{"start":{"line":15,"column":25},"end":{"line":15,"column":41}},"8":{"start":{"line":20,"column":21},"end":{"line":30,"column":10}},"9":{"start":{"line":32,"column":8},"end":{"line":32,"column":29}},"10":{"start":{"line":32,"column":17},"end":{"line":32,"column":29}},"11":{"start":{"line":33,"column":8},"end":{"line":33,"column":80}},"12":{"start":{"line":39,"column":8},"end":{"line":61,"column":9}},"13":{"start":{"line":41,"column":33},"end":{"line":41,"column":87}},"14":{"start":{"line":42,"column":28},"end":{"line":54,"column":14}},"15":{"start":{"line":56,"column":12},"end":{"line":56,"column":27}},"16":{"start":{"line":60,"column":12},"end":{"line":60,"column":84}},"17":{"start":{"line":65,"column":8},"end":{"line":110,"column":9}},"18":{"start":{"line":66,"column":25},"end":{"line":70,"column":14}},"19":{"start":{"line":72,"column":12},"end":{"line":75,"column":13}},"20":{"start":{"line":73,"column":18},"end":{"line":73,"column":86}},"21":{"start":{"line":77,"column":12},"end":{"line":81,"column":13}},"22":{"start":{"line":78,"column":18},"end":{"line":78,"column":83}},"23":{"start":{"line":83,"column":69},"end":{"line":85,"column":null}},"24":{"start":{"line":86,"column":12},"end":{"line":89,"column":13}},"25":{"start":{"line":87,"column":37},"end":{"line":87,"column":91}},"26":{"start":{"line":88,"column":16},"end":{"line":88,"column":null}},"27":{"start":{"line":91,"column":31},"end":{"line":106,"column":14}},"28":{"start":{"line":108,"column":13},"end":{"line":108,"column":89}},"29":{"start":{"line":119,"column":8},"end":{"line":149,"column":9}},"30":{"start":{"line":120,"column":25},"end":{"line":124,"column":14}},"31":{"start":{"line":126,"column":12},"end":{"line":129,"column":13}},"32":{"start":{"line":127,"column":18},"end":{"line":127,"column":86}},"33":{"start":{"line":131,"column":12},"end":{"line":135,"column":13}},"34":{"start":{"line":132,"column":18},"end":{"line":132,"column":83}},"35":{"start":{"line":137,"column":12},"end":{"line":141,"column":null}},"36":{"start":{"line":142,"column":12},"end":{"line":144,"column":null}},"37":{"start":{"line":147,"column":12},"end":{"line":147,"column":82}},"38":{"start":{"line":153,"column":4},"end":{"line":192,"column":5}},"39":{"start":{"line":154,"column":25},"end":{"line":154,"column":38}},"40":{"start":{"line":155,"column":30},"end":{"line":155,"column":88}},"41":{"start":{"line":157,"column":25},"end":{"line":157,"column":63}},"42":{"start":{"line":159,"column":27},"end":{"line":159,"column":73}},"43":{"start":{"line":161,"column":8},"end":{"line":161,"column":52}},"44":{"start":{"line":163,"column":21},"end":{"line":167,"column":10}},"45":{"start":{"line":169,"column":8},"end":{"line":171,"column":9}},"46":{"start":{"line":170,"column":8},"end":{"line":170,"column":99}},"47":{"start":{"line":173,"column":28},"end":{"line":186,"column":10}},"48":{"start":{"line":188,"column":8},"end":{"line":188,"column":27}},"49":{"start":{"line":190,"column":8},"end":{"line":190,"column":25}},"50":{"start":{"line":191,"column":8},"end":{"line":191,"column":99}},"51":{"start":{"line":11,"column":13},"end":{"line":11,"column":25}},"52":{"start":{"line":11,"column":13},"end":{"line":199,"column":null}}},"fnMap":{"0":{"name":"(anonymous_3)","decl":{"start":{"line":13,"column":4},"end":{"line":13,"column":null}},"loc":{"start":{"line":15,"column":63},"end":{"line":17,"column":7}}},"1":{"name":"(anonymous_4)","decl":{"start":{"line":19,"column":5},"end":{"line":19,"column":10}},"loc":{"start":{"line":19,"column":29},"end":{"line":35,"column":5}}},"2":{"name":"(anonymous_5)","decl":{"start":{"line":37,"column":4},"end":{"line":37,"column":9}},"loc":{"start":{"line":37,"column":49},"end":{"line":62,"column":5}}},"3":{"name":"(anonymous_6)","decl":{"start":{"line":64,"column":4},"end":{"line":64,"column":9}},"loc":{"start":{"line":64,"column":88},"end":{"line":116,"column":5}}},"4":{"name":"(anonymous_7)","decl":{"start":{"line":118,"column":4},"end":{"line":118,"column":9}},"loc":{"start":{"line":118,"column":58},"end":{"line":150,"column":5}}},"5":{"name":"(anonymous_8)","decl":{"start":{"line":152,"column":4},"end":{"line":152,"column":9}},"loc":{"start":{"line":152,"column":68},"end":{"line":193,"column":5}}}},"branchMap":{"0":{"loc":{"start":{"line":32,"column":8},"end":{"line":32,"column":29}},"type":"if","locations":[{"start":{"line":32,"column":8},"end":{"line":32,"column":29}},{"start":{},"end":{}}]},"1":{"loc":{"start":{"line":72,"column":12},"end":{"line":75,"column":13}},"type":"if","locations":[{"start":{"line":72,"column":12},"end":{"line":75,"column":13}},{"start":{},"end":{}}]},"2":{"loc":{"start":{"line":77,"column":12},"end":{"line":81,"column":13}},"type":"if","locations":[{"start":{"line":77,"column":12},"end":{"line":81,"column":13}},{"start":{},"end":{}}]},"3":{"loc":{"start":{"line":84,"column":22},"end":{"line":84,"column":73}},"type":"cond-expr","locations":[{"start":{"line":84,"column":43},"end":{"line":84,"column":61}},{"start":{"line":84,"column":64},"end":{"line":84,"column":73}}]},"4":{"loc":{"start":{"line":86,"column":12},"end":{"line":89,"column":13}},"type":"if","locations":[{"start":{"line":86,"column":12},"end":{"line":89,"column":13}},{"start":{},"end":{}}]},"5":{"loc":{"start":{"line":98,"column":34},"end":{"line":98,"column":101}},"type":"cond-expr","locations":[{"start":{"line":98,"column":59},"end":{"line":98,"column":81}},{"start":{"line":98,"column":84},"end":{"line":98,"column":101}}]},"6":{"loc":{"start":{"line":126,"column":12},"end":{"line":129,"column":13}},"type":"if","locations":[{"start":{"line":126,"column":12},"end":{"line":129,"column":13}},{"start":{},"end":{}}]},"7":{"loc":{"start":{"line":131,"column":12},"end":{"line":135,"column":13}},"type":"if","locations":[{"start":{"line":131,"column":12},"end":{"line":135,"column":13}},{"start":{},"end":{}}]},"8":{"loc":{"start":{"line":169,"column":8},"end":{"line":171,"column":9}},"type":"if","locations":[{"start":{"line":169,"column":8},"end":{"line":171,"column":9}},{"start":{},"end":{}}]},"9":{"loc":{"start":{"line":14,"column":24},"end":{"line":14,"column":null}},"type":"cond-expr","locations":[{"start":{"line":14,"column":37},"end":{"line":14,"column":null}},{"start":{"line":14,"column":37},"end":{"line":14,"column":null}}]},"10":{"loc":{"start":{"line":14,"column":24},"end":{"line":14,"column":37}},"type":"binary-expr","locations":[{"start":{"line":14,"column":24},"end":{"line":14,"column":null}},{"start":{"line":14,"column":24},"end":{"line":14,"column":37}}]},"11":{"loc":{"start":{"line":14,"column":37},"end":{"line":15,"column":null}},"type":"cond-expr","locations":[{"start":{"line":15,"column":63},"end":{"line":15,"column":null}},{"start":{"line":15,"column":63},"end":{"line":15,"column":null}}]},"12":{"loc":{"start":{"line":14,"column":37},"end":{"line":15,"column":63}},"type":"binary-expr","locations":[{"start":{"line":14,"column":37},"end":{"line":15,"column":null}},{"start":{"line":15,"column":41},"end":{"line":15,"column":63}}]}},"s":{"0":0,"1":0,"2":0,"3":0,"4":0,"5":0,"6":0,"7":0,"8":0,"9":0,"10":0,"11":0,"12":0,"13":0,"14":0,"15":0,"16":0,"17":0,"18":0,"19":0,"20":0,"21":0,"22":0,"23":0,"24":0,"25":0,"26":0,"27":0,"28":0,"29":0,"30":0,"31":0,"32":0,"33":0,"34":0,"35":0,"36":0,"37":0,"38":0,"39":0,"40":0,"41":0,"42":0,"43":0,"44":0,"45":0,"46":0,"47":0,"48":0,"49":0,"50":0,"51":0,"52":0},"f":{"0":0,"1":0,"2":0,"3":0,"4":0,"5":0},"b":{"0":[0,0],"1":[0,0],"2":[0,0],"3":[0,0],"4":[0,0],"5":[0,0],"6":[0,0],"7":[0,0],"8":[0,0],"9":[0,0],"10":[0,0],"11":[0,0],"12":[0,0]}}
,"/Users/rodrigodutra/Desktop/learning-journal/nest-js-course/src/users/dto/create.user.dto.ts": {"path":"/Users/rodrigodutra/Desktop/learning-journal/nest-js-course/src/users/dto/create.user.dto.ts","statementMap":{"0":{"start":{"line":1,"column":0},"end":{"line":1,"column":75}},"1":{"start":{"line":3,"column":0},"end":{"line":3,"column":13}},"2":{"start":{"line":7,"column":4},"end":{"line":7,"column":null}},"3":{"start":{"line":10,"column":4},"end":{"line":10,"column":null}},"4":{"start":{"line":15,"column":4},"end":{"line":15,"column":null}}},"fnMap":{},"branchMap":{},"s":{"0":0,"1":0,"2":0,"3":0,"4":0},"f":{},"b":{}}
,"/Users/rodrigodutra/Desktop/learning-journal/nest-js-course/src/users/dto/update-user.dto.ts": {"path":"/Users/rodrigodutra/Desktop/learning-journal/nest-js-course/src/users/dto/update-user.dto.ts","statementMap":{"0":{"start":{"line":1,"column":0},"end":{"line":1,"column":51}},"1":{"start":{"line":2,"column":0},"end":{"line":2,"column":50}},"2":{"start":{"line":4,"column":0},"end":{"line":4,"column":13}}},"fnMap":{},"branchMap":{},"s":{"0":0,"1":0,"2":0},"f":{},"b":{}}
}
