TN:
SF:src/main.ts
FN:8,bootstrap
FNF:1
FNH:0
FNDA:0,bootstrap
DA:1,0
DA:2,0
DA:3,0
DA:9,0
DA:10,0
DA:13,0
DA:15,0
LF:7
LH:0
BRDA:13,0,0,0
BRDA:13,0,1,0
BRF:2
BRH:0
end_of_record
TN:
SF:src/app/app.controller.ts
FN:6,(anonymous_2)
FN:9,(anonymous_3)
FN:13,(anonymous_4)
FNF:3
FNH:0
FNDA:0,(anonymous_2)
FNDA:0,(anonymous_3)
FNDA:0,(anonymous_4)
DA:1,0
DA:2,0
DA:5,0
DA:6,0
DA:9,0
DA:10,0
DA:13,0
DA:14,0
LF:8
LH:0
BRDA:6,0,0,0
BRDA:6,0,1,0
BRDA:6,1,0,0
BRDA:6,1,1,0
BRF:4
BRH:0
end_of_record
TN:
SF:src/app/app.module.ts
FN:32,(anonymous_1)
FNF:1
FNH:0
FNDA:0,(anonymous_1)
DA:1,0
DA:2,0
DA:3,0
DA:4,0
DA:5,0
DA:6,0
DA:9,0
DA:10,0
DA:11,0
DA:12,0
DA:31,0
DA:33,0
LF:12
LH:0
BRF:0
BRH:0
end_of_record
TN:
SF:src/app/app.service.ts
FN:5,(anonymous_1)
FNF:1
FNH:0
FNDA:0,(anonymous_1)
DA:1,0
DA:4,0
DA:6,0
LF:3
LH:0
BRF:0
BRH:0
end_of_record
TN:
SF:src/auth/auth.controller.ts
FN:9,(anonymous_4)
FN:14,(anonymous_5)
FNF:2
FNH:0
FNDA:0,(anonymous_4)
FNDA:0,(anonymous_5)
DA:1,0
DA:2,0
DA:4,0
DA:7,0
DA:10,0
DA:14,0
DA:16,0
LF:7
LH:0
BRDA:14,0,0,0
BRDA:14,0,1,0
BRDA:14,1,0,0
BRDA:14,1,1,0
BRDA:10,2,0,0
BRDA:10,2,1,0
BRDA:10,3,0,0
BRDA:10,3,1,0
BRF:8
BRH:0
end_of_record
TN:
SF:src/auth/auth.module.ts
FNF:0
FNH:0
DA:1,0
DA:2,0
DA:3,0
DA:4,0
DA:5,0
DA:6,0
DA:7,0
DA:8,0
DA:9,0
DA:34,0
LF:10
LH:0
BRF:0
BRH:0
end_of_record
TN:
SF:src/auth/auth.service.ts
FN:12,(anonymous_5)
FN:23,(anonymous_6)
FNF:2
FNH:0
FNDA:0,(anonymous_5)
FNDA:0,(anonymous_6)
DA:1,0
DA:3,0
DA:4,0
DA:5,0
DA:7,0
DA:10,0
DA:13,0
DA:14,0
DA:17,0
DA:18,0
DA:24,0
DA:31,0
DA:32,0
DA:37,0
DA:39,0
DA:40,0
DA:44,0
DA:59,0
LF:18
LH:0
BRDA:31,0,0,0
BRDA:31,0,1,0
BRDA:39,1,0,0
BRDA:39,1,1,0
BRDA:13,2,0,0
BRDA:13,2,1,0
BRDA:13,3,0,0
BRDA:13,3,1,0
BRDA:13,4,0,0
BRDA:13,4,1,0
BRDA:13,5,0,0
BRDA:13,5,1,0
BRDA:14,6,0,0
BRDA:14,6,1,0
BRDA:14,7,0,0
BRDA:14,7,1,0
BRF:16
BRH:0
end_of_record
TN:
SF:src/auth/common/auth.constants.ts
FNF:0
FNH:0
DA:1,0
LF:1
LH:0
BRF:0
BRH:0
end_of_record
TN:
SF:src/auth/config/jwt.config.ts
FN:3,(anonymous_0)
FNF:1
FNH:0
FNDA:0,(anonymous_0)
DA:1,0
DA:3,0
DA:4,0
LF:3
LH:0
BRDA:8,0,0,0
BRDA:8,0,1,0
BRF:2
BRH:0
end_of_record
TN:
SF:src/auth/dto/payload-token.dto.ts
FNF:0
FNH:0
DA:1,0
LF:1
LH:0
BRF:0
BRH:0
end_of_record
TN:
SF:src/auth/dto/signin.dto.ts
FNF:0
FNH:0
DA:1,0
DA:3,0
DA:5,0
DA:9,0
LF:4
LH:0
BRF:0
BRH:0
end_of_record
TN:
SF:src/auth/guard/auth.token.guard.ts
FN:13,(anonymous_5)
FN:22,(anonymous_6)
FN:62,(anonymous_7)
FNF:3
FNH:0
FNDA:0,(anonymous_5)
FNDA:0,(anonymous_6)
FNDA:0,(anonymous_7)
DA:1,0
DA:2,0
DA:4,0
DA:5,0
DA:6,0
DA:11,0
DA:14,0
DA:15,0
DA:18,0
DA:25,0
DA:26,0
DA:27,0
DA:28,0
DA:31,0
DA:32,0
DA:34,0
DA:35,0
DA:41,0
DA:42,0
DA:45,0
DA:46,0
DA:50,0
DA:54,0
DA:63,0
DA:65,0
DA:66,0
DA:69,0
LF:27
LH:0
BRDA:27,0,0,0
BRDA:27,0,1,0
BRDA:41,1,0,0
BRDA:41,1,1,0
BRDA:45,2,0,0
BRDA:45,2,1,0
BRDA:65,3,0,0
BRDA:65,3,1,0
BRDA:65,4,0,0
BRDA:65,4,1,0
BRDA:14,5,0,0
BRDA:14,5,1,0
BRDA:14,6,0,0
BRDA:14,6,1,0
BRDA:14,7,0,0
BRDA:14,7,1,0
BRDA:14,8,0,0
BRDA:14,8,1,0
BRF:18
BRH:0
end_of_record
TN:
SF:src/auth/hash/bcrypt.service.ts
FN:5,(anonymous_9)
FN:12,(anonymous_10)
FNF:2
FNH:0
FNDA:0,(anonymous_9)
FNDA:0,(anonymous_10)
DA:2,0
DA:3,0
DA:4,0
DA:6,0
DA:7,0
DA:13,0
LF:6
LH:0
BRF:0
BRH:0
end_of_record
TN:
SF:src/auth/hash/hashing.service.ts
FNF:0
FNH:0
DA:2,0
LF:1
LH:0
BRF:0
BRH:0
end_of_record
TN:
SF:src/auth/param/token-payload.param.ts
FN:5,(anonymous_0)
FNF:1
FNH:0
FNDA:0,(anonymous_0)
DA:1,0
DA:2,0
DA:4,0
DA:6,0
DA:7,0
DA:9,0
LF:6
LH:0
BRF:0
BRH:0
end_of_record
TN:
SF:src/common/dto/pagination.dto.ts
FN:8,(anonymous_2)
FN:14,(anonymous_3)
FNF:2
FNH:0
FNDA:0,(anonymous_2)
FNDA:0,(anonymous_3)
DA:1,0
DA:2,0
DA:3,0
DA:8,0
DA:9,0
DA:14,0
DA:15,0
LF:7
LH:0
BRF:0
BRH:0
end_of_record
TN:
SF:src/common/filters/exception-filter.ts
FN:7,(anonymous_1)
FNF:1
FNH:0
FNDA:0,(anonymous_1)
DA:1,0
DA:6,0
DA:9,0
DA:10,0
DA:11,0
DA:12,0
DA:13,0
DA:15,0
DA:18,0
LF:9
LH:0
BRF:0
BRH:0
end_of_record
TN:
SF:src/common/guards/admin.guard.ts
FN:13,(anonymous_1)
FNF:1
FNH:0
FNDA:0,(anonymous_1)
DA:1,0
DA:12,0
DA:14,0
DA:15,0
DA:17,0
DA:19,0
LF:6
LH:0
BRDA:17,0,0,0
BRDA:17,0,1,0
BRF:2
BRH:0
end_of_record
TN:
SF:src/common/interceptors/logger.interceptor.ts
FN:7,(anonymous_1)
FN:19,(anonymous_2)
FNF:2
FNH:0
FNDA:0,(anonymous_1)
FNDA:0,(anonymous_2)
DA:1,0
DA:3,0
DA:6,0
DA:10,0
DA:11,0
DA:12,0
DA:13,0
DA:15,0
DA:16,0
DA:18,0
DA:20,0
LF:11
LH:0
BRF:0
BRH:0
end_of_record
TN:
SF:src/common/middlewares/logger.middleware.ts
FN:7,(anonymous_1)
FNF:1
FNH:0
FNDA:0,(anonymous_1)
DA:1,0
DA:6,0
DA:8,0
DA:9,0
DA:11,0
DA:12,0
DA:18,0
LF:7
LH:0
BRDA:11,0,0,0
BRDA:11,0,1,0
BRF:2
BRH:0
end_of_record
TN:
SF:src/generated/prisma/browser.ts
FNF:0
FNH:0
DA:16,0
DA:17,0
DA:18,0
DA:19,0
LF:4
LH:0
BRF:0
BRH:0
end_of_record
TN:
SF:src/generated/prisma/client.ts
FNF:0
FNH:0
DA:18,0
DA:19,0
DA:21,0
DA:22,0
DA:38,0
DA:40,0
LF:6
LH:0
BRF:0
BRH:0
end_of_record
TN:
SF:src/generated/prisma/internal/class.ts
FN:41,decodeBase64AsWasm
FN:48,(anonymous_10)
FN:50,(anonymous_11)
FN:212,getPrismaClientClass
FNF:4
FNH:0
FNDA:0,decodeBase64AsWasm
FNDA:0,(anonymous_10)
FNDA:0,(anonymous_11)
FNDA:0,getPrismaClientClass
DA:14,0
DA:18,0
DA:35,0
DA:36,0
DA:42,0
DA:43,0
DA:44,0
DA:47,0
DA:48,0
DA:51,0
DA:52,0
DA:212,0
DA:213,0
LF:13
LH:0
BRF:0
BRH:0
end_of_record
TN:
SF:src/generated/prisma/internal/prismaNamespace.ts
FNF:0
FNH:0
DA:18,0
DA:32,0
DA:35,0
DA:38,0
DA:41,0
DA:44,0
DA:50,0
DA:51,0
DA:52,0
DA:53,0
DA:54,0
DA:62,0
DA:71,0
DA:86,0
DA:104,0
DA:114,0
DA:121,0
DA:128,0
DA:386,0
DA:585,0
DA:592,0
DA:604,0
DA:616,0
DA:624,0
DA:679,0
LF:25
LH:0
BRF:0
BRH:0
end_of_record
TN:
SF:src/generated/prisma/internal/prismaNamespaceBrowser.ts
FNF:0
FNH:0
DA:18,0
DA:23,0
DA:26,0
DA:36,0
DA:43,0
DA:50,0
DA:53,0
DA:64,0
DA:71,0
DA:83,0
DA:95,0
DA:103,0
LF:12
LH:0
BRF:0
BRH:0
end_of_record
TN:
SF:src/prisma/prisma.module.ts
FNF:0
FNH:0
DA:1,0
DA:2,0
DA:8,0
LF:3
LH:0
BRF:0
BRH:0
end_of_record
TN:
SF:src/prisma/prisma.service.ts
FN:7,(anonymous_2)
FNF:1
FNH:0
FNDA:0,(anonymous_2)
DA:1,0
DA:2,0
DA:3,0
DA:6,0
DA:8,0
DA:11,0
LF:6
LH:0
BRDA:9,0,0,0
BRDA:9,0,1,0
BRF:2
BRH:0
end_of_record
TN:
SF:src/tasks/tasks.controller.ts
FN:19,(anonymous_4)
FN:28,(anonymous_5)
FN:34,(anonymous_6)
FN:41,(anonymous_7)
FN:52,(anonymous_8)
FN:61,(anonymous_9)
FNF:6
FNH:0
FNDA:0,(anonymous_4)
FNDA:0,(anonymous_5)
FNDA:0,(anonymous_6)
FNDA:0,(anonymous_7)
FNDA:0,(anonymous_8)
FNDA:0,(anonymous_9)
DA:1,0
DA:2,0
DA:3,0
DA:4,0
DA:5,0
DA:6,0
DA:8,0
DA:9,0
DA:10,0
DA:17,0
DA:20,0
DA:23,0
DA:28,0
DA:30,0
DA:34,0
DA:36,0
DA:41,0
DA:46,0
DA:52,0
DA:56,0
DA:61,0
DA:66,0
LF:22
LH:0
BRDA:28,0,0,0
BRDA:28,0,1,0
BRDA:28,1,0,0
BRDA:28,1,1,0
BRDA:42,2,0,0
BRDA:42,2,1,0
BRDA:42,3,0,0
BRDA:42,3,1,0
BRDA:42,4,0,0
BRDA:42,4,1,0
BRDA:42,5,0,0
BRDA:42,5,1,0
BRDA:53,6,0,0
BRDA:53,6,1,0
BRDA:53,7,0,0
BRDA:53,7,1,0
BRDA:53,8,0,0
BRDA:53,8,1,0
BRDA:53,9,0,0
BRDA:53,9,1,0
BRDA:63,10,0,0
BRDA:63,10,1,0
BRDA:63,11,0,0
BRDA:63,11,1,0
BRDA:20,12,0,0
BRDA:20,12,1,0
BRDA:20,13,0,0
BRDA:20,13,1,0
BRF:28
BRH:0
end_of_record
TN:
SF:src/tasks/tasks.module.ts
FNF:0
FNH:0
DA:1,0
DA:2,0
DA:3,0
DA:4,0
DA:5,0
DA:6,0
DA:7,0
DA:25,0
LF:8
LH:0
BRF:0
BRH:0
end_of_record
TN:
SF:src/tasks/tasks.service.ts
FN:13,(anonymous_2)
FN:17,(anonymous_3)
FN:27,(anonymous_4)
FN:40,(anonymous_5)
FN:62,(anonymous_6)
FN:91,(anonymous_7)
FNF:6
FNH:0
FNDA:0,(anonymous_2)
FNDA:0,(anonymous_3)
FNDA:0,(anonymous_4)
FNDA:0,(anonymous_5)
FNDA:0,(anonymous_6)
FNDA:0,(anonymous_7)
DA:1,0
DA:5,0
DA:11,0
DA:13,0
DA:18,0
DA:20,0
DA:24,0
DA:28,0
DA:34,0
DA:36,0
DA:41,0
DA:42,0
DA:51,0
DA:54,0
DA:55,0
DA:63,0
DA:68,0
DA:69,0
DA:71,0
DA:72,0
DA:75,0
DA:87,0
DA:92,0
DA:93,0
DA:98,0
DA:99,0
DA:102,0
DA:103,0
DA:107,0
DA:114,0
DA:118,0
LF:31
LH:0
BRDA:18,0,0,0
BRDA:18,1,0,0
BRDA:18,2,0,0
BRDA:18,2,1,0
BRDA:34,3,0,0
BRDA:34,3,1,0
BRDA:68,4,0,0
BRDA:68,4,1,0
BRDA:71,5,0,0
BRDA:71,5,1,0
BRDA:80,6,0,0
BRDA:80,6,1,0
BRDA:81,7,0,0
BRDA:81,7,1,0
BRDA:82,8,0,0
BRDA:82,8,1,0
BRDA:98,9,0,0
BRDA:98,9,1,0
BRDA:102,10,0,0
BRDA:102,10,1,0
BRDA:13,11,0,0
BRDA:13,11,1,0
BRDA:13,12,0,0
BRDA:13,12,1,0
BRF:24
BRH:0
end_of_record
TN:
SF:src/tasks/tasks.utils.ts
FN:6,(anonymous_1)
FNF:1
FNH:0
FNDA:0,(anonymous_1)
DA:1,0
DA:4,0
DA:7,0
LF:3
LH:0
BRF:0
BRH:0
end_of_record
TN:
SF:src/tasks/dto/create-tasks.dto.ts
FNF:0
FNH:0
DA:3,0
DA:8,0
DA:12,0
DA:17,0
LF:4
LH:0
BRF:0
BRH:0
end_of_record
TN:
SF:src/tasks/dto/update-task.dto.ts
FNF:0
FNH:0
DA:1,0
DA:2,0
DA:3,0
DA:16,0
DA:20,0
LF:5
LH:0
BRF:0
BRH:0
end_of_record
TN:
SF:src/tasks/entities/task.entity.ts
FNF:0
FNH:0
DA:1,0
LF:1
LH:0
BRF:0
BRH:0
end_of_record
TN:
SF:src/users/users.controller.ts
FN:22,(anonymous_4)
FN:26,(anonymous_5)
FN:33,(anonymous_6)
FN:44,(anonymous_7)
FN:53,(anonymous_8)
FN:61,(anonymous_9)
FNF:6
FNH:0
FNDA:0,(anonymous_4)
FNDA:0,(anonymous_5)
FNDA:0,(anonymous_6)
FNDA:0,(anonymous_7)
FNDA:0,(anonymous_8)
FNDA:0,(anonymous_9)
DA:1,0
DA:2,0
DA:3,0
DA:4,0
DA:5,0
DA:6,0
DA:7,0
DA:8,0
DA:21,0
DA:22,0
DA:26,0
DA:27,0
DA:29,0
DA:33,0
DA:35,0
DA:44,0
DA:48,0
DA:53,0
DA:55,0
DA:61,0
DA:78,0
LF:21
LH:0
BRDA:33,0,0,0
BRDA:33,0,1,0
BRDA:33,1,0,0
BRDA:33,1,1,0
BRDA:45,2,0,0
BRDA:45,2,1,0
BRDA:45,3,0,0
BRDA:45,3,1,0
BRDA:45,4,0,0
BRDA:45,4,1,0
BRDA:45,5,0,0
BRDA:45,5,1,0
BRDA:54,6,0,0
BRDA:54,6,1,0
BRDA:54,7,0,0
BRDA:54,7,1,0
BRDA:62,8,0,0
BRDA:62,8,1,0
BRDA:62,9,0,0
BRDA:62,9,1,0
BRDA:22,10,0,0
BRDA:22,10,1,0
BRDA:22,11,0,0
BRDA:22,11,1,0
BRF:24
BRH:0
end_of_record
TN:
SF:src/users/users.module.ts
FNF:0
FNH:0
DA:1,0
DA:2,0
DA:3,0
DA:4,0
DA:11,0
LF:5
LH:0
BRF:0
BRH:0
end_of_record
TN:
SF:src/users/users.service.ts
FN:13,(anonymous_3)
FN:19,(anonymous_4)
FN:37,(anonymous_5)
FN:64,(anonymous_6)
FN:118,(anonymous_7)
FN:152,(anonymous_8)
FNF:6
FNH:0
FNDA:0,(anonymous_3)
FNDA:0,(anonymous_4)
FNDA:0,(anonymous_5)
FNDA:0,(anonymous_6)
FNDA:0,(anonymous_7)
FNDA:0,(anonymous_8)
DA:1,0
DA:2,0
DA:5,0
DA:7,0
DA:8,0
DA:11,0
DA:14,0
DA:15,0
DA:20,0
DA:32,0
DA:33,0
DA:39,0
DA:41,0
DA:42,0
DA:56,0
DA:60,0
DA:65,0
DA:66,0
DA:72,0
DA:73,0
DA:77,0
DA:78,0
DA:83,0
DA:86,0
DA:87,0
DA:88,0
DA:91,0
DA:108,0
DA:119,0
DA:120,0
DA:126,0
DA:127,0
DA:131,0
DA:132,0
DA:137,0
DA:142,0
DA:147,0
DA:153,0
DA:154,0
DA:155,0
DA:157,0
DA:159,0
DA:161,0
DA:163,0
DA:169,0
DA:170,0
DA:173,0
DA:188,0
DA:190,0
DA:191,0
LF:50
LH:0
BRDA:32,0,0,0
BRDA:32,0,1,0
BRDA:72,1,0,0
BRDA:72,1,1,0
BRDA:77,2,0,0
BRDA:77,2,1,0
BRDA:84,3,0,0
BRDA:84,3,1,0
BRDA:86,4,0,0
BRDA:86,4,1,0
BRDA:98,5,0,0
BRDA:98,5,1,0
BRDA:126,6,0,0
BRDA:126,6,1,0
BRDA:131,7,0,0
BRDA:131,7,1,0
BRDA:169,8,0,0
BRDA:169,8,1,0
BRDA:14,9,0,0
BRDA:14,9,1,0
BRDA:14,10,0,0
BRDA:14,10,1,0
BRDA:14,11,0,0
BRDA:14,11,1,0
BRDA:14,12,0,0
BRDA:14,12,1,0
BRF:26
BRH:0
end_of_record
TN:
SF:src/users/dto/create.user.dto.ts
FNF:0
FNH:0
DA:1,0
DA:3,0
DA:7,0
DA:10,0
DA:15,0
LF:5
LH:0
BRF:0
BRH:0
end_of_record
TN:
SF:src/users/dto/update-user.dto.ts
FNF:0
FNH:0
DA:1,0
DA:2,0
DA:4,0
LF:3
LH:0
BRF:0
BRH:0
end_of_record
